<?xml version="1.0" encoding="UTF-8"?>
<!-- Generated by org.testng.reporters.JUnitXMLReporter -->
<testsuite hostname="IVF11" ignored="27" name="IVFMilanTest" tests="8" failures="1" timestamp="25 Apr 2018 13:45:01 GMT" time="372.335" errors="0">
  <testcase name="loginTest" time="2.508" classname="com_Milan_Test.LoginPageTest"/>
  <testcase name="ClickOnCmrTest" time="35.36" classname="com_Milan_Test.HomePageTest"/>
  <testcase name="SearchPatientUsingCalenderTest" time="81.4" classname="com_Milan_Test.SearchPageTest">
    <failure type="org.openqa.selenium.TimeoutException" message="Expected condition failed: waiting for visibility of element located by By.xpath: //div[@id=&amp;apos;tableToExport&amp;apos;]/table/tbody/tr[4]/td[4] (tried for 50 second(s) with 500 MILLISECONDS interval)">
      <![CDATA[org.openqa.selenium.TimeoutException: Expected condition failed: waiting for visibility of element located by By.xpath: //div[@id='tableToExport']/table/tbody/tr[4]/td[4] (tried for 50 second(s) with 500 MILLISECONDS interval)
at org.openqa.selenium.support.ui.WebDriverWait.timeoutException(WebDriverWait.java:80)
at org.openqa.selenium.support.ui.FluentWait.until(FluentWait.java:232)
at com_milan_POM.HomePage.SearchusingCalender(HomePage.java:219)
at com_Milan_Test.SearchPageTest.SearchPatientUsingCalenderTest(SearchPageTest.java:45)
Caused by: org.openqa.selenium.NoSuchElementException: Cannot locate an element using By.xpath: //div[@id='tableToExport']/table/tbody/tr[4]/td[4]
For documentation on this error, please visit: http://seleniumhq.org/exceptions/no_such_element.html
Build info: version: '3.5.3', revision: 'a88d25fe6b', time: '2017-08-29T12:42:44.417Z'
System info: host: 'IVF11', ip: '192.168.1.56', os.name: 'Windows 8.1', os.arch: 'amd64', os.version: '6.3', java.version: '1.8.0_161'
Driver info: driver.version: unknown
at org.openqa.selenium.support.ui.ExpectedConditions.lambda$findElement$0(ExpectedConditions.java:883)
at java.util.Optional.orElseThrow(Unknown Source)
at org.openqa.selenium.support.ui.ExpectedConditions.findElement(ExpectedConditions.java:882)
at org.openqa.selenium.support.ui.ExpectedConditions.access$000(ExpectedConditions.java:44)
at org.openqa.selenium.support.ui.ExpectedConditions$7.apply(ExpectedConditions.java:206)
at org.openqa.selenium.support.ui.ExpectedConditions$7.apply(ExpectedConditions.java:202)
at org.openqa.selenium.support.ui.FluentWait.until(FluentWait.java:209)
... 27 more
... Removed 25 stack frames]]>
    </failure>
  </testcase> <!-- SearchPatientUsingCalenderTest -->
  <testcase name="AddNewAllergiesTest" time="0.044" classname="com_Milan_Test.WAllergiesTest"/>
  <testcase name="DrugNameTest" time="4.495" classname="com_Milan_Test.WPastMedicationHistoryTest"/>
  <testcase name="ClickonWoomenPaientFieldTest" time="11.197" classname="com_Milan_Test.EMRDashBoardPageTest"/>
  <testcase name="SexualHistoryTest" time="2.181" classname="com_Milan_Test.WomenHistoryPageTest"/>
  <testcase name="BirthWeightValueTextTest" time="0.448" classname="com_Milan_Test.WObstetricHistoryPageTest"/>
  <testcase name="SinceWhenEnableconditionSinceWhenCaffeineAddictionTest" time="0.0" classname="com_Milan_Test.WAddictionsTest">
    <ignored/>
  </testcase> <!-- SinceWhenEnableconditionSinceWhenCaffeineAddictionTest -->
  <testcase name="CurrentStatusEnableConditionAlkoholTest" time="0.0" classname="com_Milan_Test.WAddictionsTest">
    <ignored/>
  </testcase> <!-- CurrentStatusEnableConditionAlkoholTest -->
  <testcase name="OptionSelectedOnAllergyCurrentStstusTest" time="0.0" classname="com_Milan_Test.WAllergiesTest">
    <ignored/>
  </testcase> <!-- OptionSelectedOnAllergyCurrentStstusTest -->
  <testcase name="FillSexsuslHistorytest" time="0.0" classname="com_Milan_Test.WSexsualHistoryTest">
    <ignored/>
  </testcase> <!-- FillSexsuslHistorytest -->
  <testcase name="SearchPatientUsingPatientTabTest" time="0.0" classname="com_Milan_Test.SearchPageTest">
    <ignored/>
  </testcase> <!-- SearchPatientUsingPatientTabTest -->
  <testcase name="textboxSexualDysfunctionTest" time="0.0" classname="com_Milan_Test.WSexsualHistoryTest">
    <ignored/>
  </testcase> <!-- textboxSexualDysfunctionTest -->
  <testcase name="ValueInLivebirthoptionTest" time="0.0" classname="com_Milan_Test.WObstetricHistoryPageTest">
    <ignored/>
  </testcase> <!-- ValueInLivebirthoptionTest -->
  <testcase name="LMPcalenderdateSelectionTest" time="0.0" classname="com_Milan_Test.WMenstrualHistoryTest">
    <ignored/>
  </testcase> <!-- LMPcalenderdateSelectionTest -->
  <testcase name="SenceWhenEnableconditionSinceWhenYearAlkoholTest" time="0.0" classname="com_Milan_Test.WAddictionsTest">
    <ignored/>
  </testcase> <!-- SenceWhenEnableconditionSinceWhenYearAlkoholTest -->
  <testcase name="CurrentStatusEnableConditionAdictionTest" time="0.0" classname="com_Milan_Test.WAddictionsTest">
    <ignored/>
  </testcase> <!-- CurrentStatusEnableConditionAdictionTest -->
  <testcase name="AgeOfMenarcheRangeSartTest" time="0.0" classname="com_Milan_Test.WMenstrualHistoryTest">
    <ignored/>
  </testcase> <!-- AgeOfMenarcheRangeSartTest -->
  <testcase name="DyspareuniatextTest" time="0.0" classname="com_Milan_Test.WSexsualHistoryTest">
    <ignored/>
  </testcase> <!-- DyspareuniatextTest -->
  <testcase name="SexInrelationshipsinceMonthsTest" time="0.0" classname="com_Milan_Test.WSexsualHistoryTest">
    <ignored/>
  </testcase> <!-- SexInrelationshipsinceMonthsTest -->
  <testcase name="numberofcharacterexualDysfunctionTest" time="0.0" classname="com_Milan_Test.WSexsualHistoryTest">
    <ignored/>
  </testcase> <!-- numberofcharacterexualDysfunctionTest -->
  <testcase name="SenceWhenEnableconditionSinceWhenYearTobacoTest" time="0.0" classname="com_Milan_Test.WAddictionsTest">
    <ignored/>
  </testcase> <!-- SenceWhenEnableconditionSinceWhenYearTobacoTest -->
  <testcase name="CurrentStatusEnableConditionTobacoTest" time="0.0" classname="com_Milan_Test.WAddictionsTest">
    <ignored/>
  </testcase> <!-- CurrentStatusEnableConditionTobacoTest -->
  <testcase name="MenarcheRangeEndTest" time="0.0" classname="com_Milan_Test.WMenstrualHistoryTest">
    <ignored/>
  </testcase> <!-- MenarcheRangeEndTest -->
  <testcase name="Lubricationusedtext" time="0.0" classname="com_Milan_Test.WSexsualHistoryTest">
    <ignored/>
  </testcase> <!-- Lubricationusedtext -->
  <testcase name="CurrentStatusEnableConditionCaffeineAddictionTest" time="0.0" classname="com_Milan_Test.WAddictionsTest">
    <ignored/>
  </testcase> <!-- CurrentStatusEnableConditionCaffeineAddictionTest -->
  <testcase name="testRelationtlists" time="0.0" classname="com_Milan_Test.WSexsualHistoryTest">
    <ignored/>
  </testcase> <!-- testRelationtlists -->
  <testcase name="CurrentStatusEnableConditionSmokeTest" time="0.0" classname="com_Milan_Test.WAddictionsTest">
    <ignored/>
  </testcase> <!-- CurrentStatusEnableConditionSmokeTest -->
  <testcase name="SenceWhenEnableconditionSinceWhenDrugAddictionYearTest" time="0.0" classname="com_Milan_Test.WAddictionsTest">
    <ignored/>
  </testcase> <!-- SenceWhenEnableconditionSinceWhenDrugAddictionYearTest -->
  <testcase name="SenceWhenEnableconditionSinceWhenYearSmokeTest" time="0.0" classname="com_Milan_Test.WAddictionsTest">
    <ignored/>
  </testcase> <!-- SenceWhenEnableconditionSinceWhenYearSmokeTest -->
  <testcase name="FoodAllergyvalidationTest" time="0.0" classname="com_Milan_Test.WAllergiesTest">
    <ignored/>
  </testcase> <!-- FoodAllergyvalidationTest -->
  <testcase name="OptionSelectedOnAllergyformTest" time="0.0" classname="com_Milan_Test.EMRDashBoardPageTest">
    <ignored/>
  </testcase> <!-- OptionSelectedOnAllergyformTest -->
  <testcase name="AmenorrheaTypeTest" time="0.0" classname="com_Milan_Test.WMenstrualHistoryTest">
    <ignored/>
  </testcase> <!-- AmenorrheaTypeTest -->
  <testcase name="InrelationshipsinceYearsTest" time="0.0" classname="com_Milan_Test.WSexsualHistoryTest">
    <ignored/>
  </testcase> <!-- InrelationshipsinceYearsTest -->
</testsuite> <!-- IVFMilanTest -->
