<html>
<head>
<title>TestNG:  ApolloIVFTest</title>
<link href="../testng.css" rel="stylesheet" type="text/css" />
<link href="../my-testng.css" rel="stylesheet" type="text/css" />

<style type="text/css">
.log { display: none;} 
.stack-trace { display: none;} 
</style>
<script type="text/javascript">
<!--
function flip(e) {
  current = e.style.display;
  if (current == 'block') {
    e.style.display = 'none';
    return 0;
  }
  else {
    e.style.display = 'block';
    return 1;
  }
}

function toggleBox(szDivId, elem, msg1, msg2)
{
  var res = -1;  if (document.getElementById) {
    res = flip(document.getElementById(szDivId));
  }
  else if (document.all) {
    // this is the way old msie versions work
    res = flip(document.all[szDivId]);
  }
  if(elem) {
    if(res == 0) elem.innerHTML = msg1; else elem.innerHTML = msg2;
  }

}

function toggleAllBoxes() {
  if (document.getElementsByTagName) {
    d = document.getElementsByTagName('div');
    for (i = 0; i < d.length; i++) {
      if (d[i].className == 'log') {
        flip(d[i]);
      }
    }
  }
}

// -->
</script>

</head>
<body>
<h2 align='center'>ApolloIVFTest</h2><table border='1' align="center">
<tr>
<td>Tests passed/Failed/Skipped:</td><td>145/1/11</td>
</tr><tr>
<td>Started on:</td><td>Sun Sep 09 13:14:36 IST 2018</td>
</tr>
<tr><td>Total time:</td><td>9785 seconds (9785289 ms)</td>
</tr><tr>
<td>Included groups:</td><td></td>
</tr><tr>
<td>Excluded groups:</td><td></td>
</tr>
</table><p/>
<small><i>(Hover the method name to see the test class name)</i></small><p/>
<table width='100%' border='1' class='invocation-failed'>
<tr><td colspan='4' align='center'><b>FAILED TESTS</b></td></tr>
<tr><td><b>Test method</b></td>
<td width="30%"><b>Exception</b></td>
<td width="10%"><b>Time (seconds)</b></td>
<td><b>Instance</b></td>
</tr>
<tr>
<td title='com_Milan_Test.CycleListPageTest.SaveTheCycleTest()'><b>SaveTheCycleTest</b><br>Test class: com_Milan_Test.CycleListPageTest</td>
<td><div><pre>org.openqa.selenium.NoSuchElementException: no such element: Unable to locate element: {&quot;method&quot;:&quot;xpath&quot;,&quot;selector&quot;:&quot;//span[@class=&apos;toast-msg ng-binding ng-scope&apos;]&quot;}
  (Session info: chrome=69.0.3497.81)
  (Driver info: chromedriver=2.41.578737 (49da6702b16031c40d63e5618de03a32ff6c197e),platform=Windows NT 6.3.9600 x86_64) (WARNING: The server did not provide any stacktrace information)
Command duration or timeout: 0 milliseconds
For documentation on this error, please visit: http://seleniumhq.org/exceptions/no_such_element.html
Build info: version: &apos;3.5.3&apos;, revision: &apos;a88d25fe6b&apos;, time: &apos;2017-08-29T12:42:44.417Z&apos;
System info: host: &apos;IVF111&apos;, ip: &apos;192.168.1.56&apos;, os.name: &apos;Windows 8.1&apos;, os.arch: &apos;amd64&apos;, os.version: &apos;6.3&apos;, java.version: &apos;1.8.0_161&apos;
Driver info: org.openqa.selenium.chrome.ChromeDriver
Capabilities [{mobileEmulationEnabled=false, hasTouchScreen=false, platform=WIN8_1, acceptSslCerts=false, goog:chromeOptions={debuggerAddress=localhost:62788}, acceptInsecureCerts=false, webStorageEnabled=true, browserName=chrome, takesScreenshot=true, javascriptEnabled=true, platformName=WIN8_1, setWindowRect=true, unexpectedAlertBehaviour=, applicationCacheEnabled=false, rotatable=false, networkConnectionEnabled=false, chrome={chromedriverVersion=2.41.578737 (49da6702b16031c40d63e5618de03a32ff6c197e), userDataDir=C:\Users\paragb\AppData\Local\Temp\scoped_dir4708_28772}, takesHeapSnapshot=true, unhandledPromptBehavior=, pageLoadStrategy=normal, databaseEnabled=false, handlesAlerts=true, version=69.0.3497.81, browserConnectionEnabled=false, nativeEvents=true, locationContextEnabled=true, cssSelectorsEnabled=true}]
Session ID: 60756039163c2b16921bec8e5497a073
*** Element info: {Using=xpath, value=//span[@class=&apos;toast-msg ng-binding ng-scope&apos;]}
	at org.openqa.selenium.remote.ErrorHandler.createThrowable(ErrorHandler.java:215)
	at org.openqa.selenium.remote.ErrorHandler.throwIfResponseFailed(ErrorHandler.java:167)
	at org.openqa.selenium.remote.http.JsonHttpResponseCodec.reconstructValue(JsonHttpResponseCodec.java:40)
	at org.openqa.selenium.remote.http.AbstractHttpResponseCodec.decode(AbstractHttpResponseCodec.java:82)
	at org.openqa.selenium.remote.http.AbstractHttpResponseCodec.decode(AbstractHttpResponseCodec.java:45)
	at org.openqa.selenium.remote.HttpCommandExecutor.execute(HttpCommandExecutor.java:164)
	at org.openqa.selenium.remote.service.DriverCommandExecutor.execute(DriverCommandExecutor.java:82)
	at org.openqa.selenium.remote.RemoteWebDriver.execute(RemoteWebDriver.java:646)
	at org.openqa.selenium.remote.RemoteWebDriver.findElement(RemoteWebDriver.java:416)
	at org.openqa.selenium.remote.RemoteWebDriver.findElementByXPath(RemoteWebDriver.java:518)
	at org.openqa.selenium.By$ByXPath.findElement(By.java:361)
	at org.openqa.selenium.remote.RemoteWebDriver.findElement(RemoteWebDriver.java:408)
	at org.openqa.selenium.support.events.EventFiringWebDriver$2.invoke(EventFiringWebDriver.java:105)
	at com.sun.proxy.$Proxy10.findElement(Unknown Source)
	at org.openqa.selenium.support.events.EventFiringWebDriver.findElement(EventFiringWebDriver.java:189)
	at org.openqa.selenium.support.pagefactory.DefaultElementLocator.findElement(DefaultElementLocator.java:69)
	at org.openqa.selenium.support.pagefactory.internal.LocatingElementHandler.invoke(LocatingElementHandler.java:38)
	at com.sun.proxy.$Proxy14.getText(Unknown Source)
	at com_milan_POM.CycleListPage.SaveMessage(CycleListPage.java:740)
	at com_Milan_Test.CycleListPageTest.SaveTheCycleTest(CycleListPageTest.java:355)
... Removed 32 stack frames</pre></div><a href='#' onClick='toggleBox("stack-trace1841242172", this, "Click to show all stack frames", "Click to hide stack frames")'>Click to show all stack frames</a>
<div class='stack-trace' id='stack-trace1841242172'><pre>org.openqa.selenium.NoSuchElementException: no such element: Unable to locate element: {&quot;method&quot;:&quot;xpath&quot;,&quot;selector&quot;:&quot;//span[@class=&apos;toast-msg ng-binding ng-scope&apos;]&quot;}
  (Session info: chrome=69.0.3497.81)
  (Driver info: chromedriver=2.41.578737 (49da6702b16031c40d63e5618de03a32ff6c197e),platform=Windows NT 6.3.9600 x86_64) (WARNING: The server did not provide any stacktrace information)
Command duration or timeout: 0 milliseconds
For documentation on this error, please visit: http://seleniumhq.org/exceptions/no_such_element.html
Build info: version: &apos;3.5.3&apos;, revision: &apos;a88d25fe6b&apos;, time: &apos;2017-08-29T12:42:44.417Z&apos;
System info: host: &apos;IVF111&apos;, ip: &apos;192.168.1.56&apos;, os.name: &apos;Windows 8.1&apos;, os.arch: &apos;amd64&apos;, os.version: &apos;6.3&apos;, java.version: &apos;1.8.0_161&apos;
Driver info: org.openqa.selenium.chrome.ChromeDriver
Capabilities [{mobileEmulationEnabled=false, hasTouchScreen=false, platform=WIN8_1, acceptSslCerts=false, goog:chromeOptions={debuggerAddress=localhost:62788}, acceptInsecureCerts=false, webStorageEnabled=true, browserName=chrome, takesScreenshot=true, javascriptEnabled=true, platformName=WIN8_1, setWindowRect=true, unexpectedAlertBehaviour=, applicationCacheEnabled=false, rotatable=false, networkConnectionEnabled=false, chrome={chromedriverVersion=2.41.578737 (49da6702b16031c40d63e5618de03a32ff6c197e), userDataDir=C:\Users\paragb\AppData\Local\Temp\scoped_dir4708_28772}, takesHeapSnapshot=true, unhandledPromptBehavior=, pageLoadStrategy=normal, databaseEnabled=false, handlesAlerts=true, version=69.0.3497.81, browserConnectionEnabled=false, nativeEvents=true, locationContextEnabled=true, cssSelectorsEnabled=true}]
Session ID: 60756039163c2b16921bec8e5497a073
*** Element info: {Using=xpath, value=//span[@class=&apos;toast-msg ng-binding ng-scope&apos;]}
	at sun.reflect.NativeConstructorAccessorImpl.newInstance0(Native Method)
	at sun.reflect.NativeConstructorAccessorImpl.newInstance(NativeConstructorAccessorImpl.java:62)
	at sun.reflect.DelegatingConstructorAccessorImpl.newInstance(DelegatingConstructorAccessorImpl.java:45)
	at java.lang.reflect.Constructor.newInstance(Constructor.java:423)
	at org.openqa.selenium.remote.ErrorHandler.createThrowable(ErrorHandler.java:215)
	at org.openqa.selenium.remote.ErrorHandler.throwIfResponseFailed(ErrorHandler.java:167)
	at org.openqa.selenium.remote.http.JsonHttpResponseCodec.reconstructValue(JsonHttpResponseCodec.java:40)
	at org.openqa.selenium.remote.http.AbstractHttpResponseCodec.decode(AbstractHttpResponseCodec.java:82)
	at org.openqa.selenium.remote.http.AbstractHttpResponseCodec.decode(AbstractHttpResponseCodec.java:45)
	at org.openqa.selenium.remote.HttpCommandExecutor.execute(HttpCommandExecutor.java:164)
	at org.openqa.selenium.remote.service.DriverCommandExecutor.execute(DriverCommandExecutor.java:82)
	at org.openqa.selenium.remote.RemoteWebDriver.execute(RemoteWebDriver.java:646)
	at org.openqa.selenium.remote.RemoteWebDriver.findElement(RemoteWebDriver.java:416)
	at org.openqa.selenium.remote.RemoteWebDriver.findElementByXPath(RemoteWebDriver.java:518)
	at org.openqa.selenium.By$ByXPath.findElement(By.java:361)
	at org.openqa.selenium.remote.RemoteWebDriver.findElement(RemoteWebDriver.java:408)
	at sun.reflect.GeneratedMethodAccessor5.invoke(Unknown Source)
	at sun.reflect.DelegatingMethodAccessorImpl.invoke(DelegatingMethodAccessorImpl.java:43)
	at java.lang.reflect.Method.invoke(Method.java:498)
	at org.openqa.selenium.support.events.EventFiringWebDriver$2.invoke(EventFiringWebDriver.java:105)
	at com.sun.proxy.$Proxy10.findElement(Unknown Source)
	at org.openqa.selenium.support.events.EventFiringWebDriver.findElement(EventFiringWebDriver.java:189)
	at org.openqa.selenium.support.pagefactory.DefaultElementLocator.findElement(DefaultElementLocator.java:69)
	at org.openqa.selenium.support.pagefactory.internal.LocatingElementHandler.invoke(LocatingElementHandler.java:38)
	at com.sun.proxy.$Proxy14.getText(Unknown Source)
	at com_milan_POM.CycleListPage.SaveMessage(CycleListPage.java:740)
	at com_Milan_Test.CycleListPageTest.SaveTheCycleTest(CycleListPageTest.java:355)
	at sun.reflect.NativeMethodAccessorImpl.invoke0(Native Method)
	at sun.reflect.NativeMethodAccessorImpl.invoke(NativeMethodAccessorImpl.java:62)
	at sun.reflect.DelegatingMethodAccessorImpl.invoke(DelegatingMethodAccessorImpl.java:43)
	at java.lang.reflect.Method.invoke(Method.java:498)
	at org.testng.internal.MethodInvocationHelper.invokeMethod(MethodInvocationHelper.java:108)
	at org.testng.internal.Invoker.invokeMethod(Invoker.java:661)
	at org.testng.internal.Invoker.retryFailed(Invoker.java:1014)
	at org.testng.internal.Invoker.invokeTestMethods(Invoker.java:1215)
	at org.testng.internal.TestMethodWorker.invokeTestMethods(TestMethodWorker.java:126)
	at org.testng.internal.TestMethodWorker.run(TestMethodWorker.java:109)
	at org.testng.TestRunner.privateRun(TestRunner.java:744)
	at org.testng.TestRunner.run(TestRunner.java:602)
	at org.testng.SuiteRunner.runTest(SuiteRunner.java:380)
	at org.testng.SuiteRunner.runSequentially(SuiteRunner.java:375)
	at org.testng.SuiteRunner.privateRun(SuiteRunner.java:340)
	at org.testng.SuiteRunner.run(SuiteRunner.java:289)
	at org.testng.SuiteRunnerWorker.runSuite(SuiteRunnerWorker.java:52)
	at org.testng.SuiteRunnerWorker.run(SuiteRunnerWorker.java:86)
	at org.testng.TestNG.runSuitesSequentially(TestNG.java:1301)
	at org.testng.TestNG.runSuitesLocally(TestNG.java:1226)
	at org.testng.TestNG.runSuites(TestNG.java:1144)
	at org.testng.TestNG.run(TestNG.java:1115)
	at org.testng.remote.AbstractRemoteTestNG.run(AbstractRemoteTestNG.java:114)
	at org.testng.remote.RemoteTestNG.initAndRun(RemoteTestNG.java:251)
	at org.testng.remote.RemoteTestNG.main(RemoteTestNG.java:77)
</pre></div></td>
<td>36</td>
<td>com_Milan_Test.CycleListPageTest@16aa8654</td></tr>
</table><p>
<table width='100%' border='1' class='invocation-passed'>
<tr><td colspan='4' align='center'><b>PASSED TESTS</b></td></tr>
<tr><td><b>Test method</b></td>
<td width="30%"><b>Exception</b></td>
<td width="10%"><b>Time (seconds)</b></td>
<td><b>Instance</b></td>
</tr>
<tr>
<td title='com_Milan_Test.WOPUCycyclePageTest.ARTCycleAvailabilityMessageBeforeSaveTheCycleTest()'><b>ARTCycleAvailabilityMessageBeforeSaveTheCycleTest</b><br>Test class: com_Milan_Test.WOPUCycyclePageTest</td>
<td></td>
<td>197</td>
<td>com_Milan_Test.WOPUCycyclePageTest@57c03d88</td></tr>
<tr>
<td title='com_Milan_Test.CycleListPageTest.ARTTypeOptionTest()'><b>ARTTypeOptionTest</b><br>Test class: com_Milan_Test.CycleListPageTest</td>
<td></td>
<td>5</td>
<td>com_Milan_Test.CycleListPageTest@16aa8654</td></tr>
<tr>
<td title='com_Milan_Test.WObstetricHistoryPageTest.AbortionEnableCondititionTest()'><b>AbortionEnableCondititionTest</b><br>Test class: com_Milan_Test.WObstetricHistoryPageTest</td>
<td></td>
<td>0</td>
<td>com_Milan_Test.WObstetricHistoryPageTest@127a7a2e</td></tr>
<tr>
<td title='com_Milan_Test.FemaleDiagnosisTest.AddFavoriteFromListTest()'><b>AddFavoriteFromListTest</b><br>Test class: com_Milan_Test.FemaleDiagnosisTest</td>
<td></td>
<td>6</td>
<td>com_Milan_Test.FemaleDiagnosisTest@1187c9e8</td></tr>
<tr>
<td title='com_Milan_Test.WAllergiesTest.AddNewAllergiesTest()'><b>AddNewAllergiesTest</b><br>Test class: com_Milan_Test.WAllergiesTest</td>
<td></td>
<td>1</td>
<td>com_Milan_Test.WAllergiesTest@4b34fff9</td></tr>
<tr>
<td title='com_Milan_Test.WOPUCycyclePageTest.AddOneServiceAtleastMessageTest()'><b>AddOneServiceAtleastMessageTest</b><br>Test class: com_Milan_Test.WOPUCycyclePageTest</td>
<td></td>
<td>2</td>
<td>com_Milan_Test.WOPUCycyclePageTest@57c03d88</td></tr>
<tr>
<td title='com_Milan_Test.WomenHistoryPageTest.AddictionsTest()'><b>AddictionsTest</b><br>Test class: com_Milan_Test.WomenHistoryPageTest</td>
<td></td>
<td>0</td>
<td>com_Milan_Test.WomenHistoryPageTest@421e361</td></tr>
<tr>
<td title='com_Milan_Test.WMenstrualHistoryTest.AgeOfMenarcheRangeSartTest()'><b>AgeOfMenarcheRangeSartTest</b><br>Test class: com_Milan_Test.WMenstrualHistoryTest</td>
<td></td>
<td>0</td>
<td>com_Milan_Test.WMenstrualHistoryTest@59d4cd39</td></tr>
<tr>
<td title='com_Milan_Test.WOPUCycyclePageTest.AleadySavedCycleTest()'><b>AleadySavedCycleTest</b><br>Test class: com_Milan_Test.WOPUCycyclePageTest</td>
<td></td>
<td>31</td>
<td>com_Milan_Test.WOPUCycyclePageTest@57c03d88</td></tr>
<tr>
<td title='com_Milan_Test.WAllergiesTest.AllergiesOnDashboardforNewPatientTest()'><b>AllergiesOnDashboardforNewPatientTest</b><br>Test class: com_Milan_Test.WAllergiesTest</td>
<td></td>
<td>0</td>
<td>com_Milan_Test.WAllergiesTest@4b34fff9</td></tr>
<tr>
<td title='com_Milan_Test.WomenHistoryPageTest.AllergiesTest()'><b>AllergiesTest</b><br>Test class: com_Milan_Test.WomenHistoryPageTest</td>
<td></td>
<td>0</td>
<td>com_Milan_Test.WomenHistoryPageTest@421e361</td></tr>
<tr>
<td title='com_Milan_Test.WAllergiesTest.AllergySelectionTest()'><b>AllergySelectionTest</b><br>Test class: com_Milan_Test.WAllergiesTest</td>
<td></td>
<td>110</td>
<td>com_Milan_Test.WAllergiesTest@4b34fff9</td></tr>
<tr>
<td title='com_Milan_Test.WMenstrualHistoryTest.AmenorrheaTypeTest()'><b>AmenorrheaTypeTest</b><br>Test class: com_Milan_Test.WMenstrualHistoryTest</td>
<td></td>
<td>0</td>
<td>com_Milan_Test.WMenstrualHistoryTest@59d4cd39</td></tr>
<tr>
<td title='com_Milan_Test.WVitalsTest.BMITest()'><b>BMITest</b><br>Test class: com_Milan_Test.WVitalsTest<br>Parameters: 60.0, 180.0, "90", "59", 59.0, 96.0</td>
<td></td>
<td>2</td>
<td>com_Milan_Test.WVitalsTest@14008db3</td></tr>
<tr>
<td title='com_Milan_Test.WVitalsTest.BMITest()'><b>BMITest</b><br>Test class: com_Milan_Test.WVitalsTest<br>Parameters: 80.0, 170.0, "100", "60", 60.0, 97.8</td>
<td></td>
<td>2</td>
<td>com_Milan_Test.WVitalsTest@14008db3</td></tr>
<tr>
<td title='com_Milan_Test.WVitalsTest.BMITest()'><b>BMITest</b><br>Test class: com_Milan_Test.WVitalsTest<br>Parameters: 100.0, 160.0, "120", "70", 80.0, 99.0</td>
<td></td>
<td>2</td>
<td>com_Milan_Test.WVitalsTest@14008db3</td></tr>
<tr>
<td title='com_Milan_Test.WVitalsTest.BMITest()'><b>BMITest</b><br>Test class: com_Milan_Test.WVitalsTest<br>Parameters: 90.0, 150.0, , "80", 99.0, 100.0</td>
<td></td>
<td>2</td>
<td>com_Milan_Test.WVitalsTest@14008db3</td></tr>
<tr>
<td title='com_Milan_Test.WVitalsTest.BMITest()'><b>BMITest</b><br>Test class: com_Milan_Test.WVitalsTest<br>Parameters: 70.0, 100.0, , "81", 101.0, 101.0</td>
<td></td>
<td>2</td>
<td>com_Milan_Test.WVitalsTest@14008db3</td></tr>
<tr>
<td title='com_Milan_Test.WVitalsTest.BPSystolicBundryValueTest()'><b>BPSystolicBundryValueTest</b><br>Test class: com_Milan_Test.WVitalsTest<br>Parameters: 60.0, 180.0, "90", "59", 59.0, 96.0</td>
<td></td>
<td>0</td>
<td>com_Milan_Test.WVitalsTest@14008db3</td></tr>
<tr>
<td title='com_Milan_Test.WVitalsTest.BPSystolicBundryValueTest()'><b>BPSystolicBundryValueTest</b><br>Test class: com_Milan_Test.WVitalsTest<br>Parameters: 80.0, 170.0, "100", "60", 60.0, 97.8</td>
<td></td>
<td>0</td>
<td>com_Milan_Test.WVitalsTest@14008db3</td></tr>
<tr>
<td title='com_Milan_Test.WVitalsTest.BPSystolicBundryValueTest()'><b>BPSystolicBundryValueTest</b><br>Test class: com_Milan_Test.WVitalsTest<br>Parameters: 100.0, 160.0, "120", "70", 80.0, 99.0</td>
<td></td>
<td>0</td>
<td>com_Milan_Test.WVitalsTest@14008db3</td></tr>
<tr>
<td title='com_Milan_Test.WVitalsTest.BPSystolicBundryValueTest()'><b>BPSystolicBundryValueTest</b><br>Test class: com_Milan_Test.WVitalsTest<br>Parameters: 90.0, 150.0, , "80", 99.0, 100.0</td>
<td></td>
<td>0</td>
<td>com_Milan_Test.WVitalsTest@14008db3</td></tr>
<tr>
<td title='com_Milan_Test.WVitalsTest.BPSystolicBundryValueTest()'><b>BPSystolicBundryValueTest</b><br>Test class: com_Milan_Test.WVitalsTest<br>Parameters: 70.0, 100.0, , "81", 101.0, 101.0</td>
<td></td>
<td>0</td>
<td>com_Milan_Test.WVitalsTest@14008db3</td></tr>
<tr>
<td title='com_Milan_Test.WObstetricHistoryPageTest.BirthWeightEnableConditionTest()'><b>BirthWeightEnableConditionTest</b><br>Test class: com_Milan_Test.WObstetricHistoryPageTest</td>
<td></td>
<td>0</td>
<td>com_Milan_Test.WObstetricHistoryPageTest@127a7a2e</td></tr>
<tr>
<td title='com_Milan_Test.WObstetricHistoryPageTest.BirthWeightValueTextTest()'><b>BirthWeightValueTextTest</b><br>Test class: com_Milan_Test.WObstetricHistoryPageTest</td>
<td></td>
<td>0</td>
<td>com_Milan_Test.WObstetricHistoryPageTest@127a7a2e</td></tr>
<tr>
<td title='com_Milan_Test.LoginPageTest.ButtonEnableConditionTest()'><b>ButtonEnableConditionTest</b><br>Test class: com_Milan_Test.LoginPageTest</td>
<td></td>
<td>0</td>
<td>com_Milan_Test.LoginPageTest@6e01f9b0</td></tr>
<tr>
<td title='com_Milan_Test.HomePageTest.ClickOnCmrTest()'><b>ClickOnCmrTest</b><br>Test class: com_Milan_Test.HomePageTest</td>
<td></td>
<td>12</td>
<td>com_Milan_Test.HomePageTest@2b9ed6da</td></tr>
<tr>
<td title='com_Milan_Test.EMRDashBoardPageTest.ClickOnComplaintTest()'><b>ClickOnComplaintTest</b><br>Test class: com_Milan_Test.EMRDashBoardPageTest</td>
<td></td>
<td>5</td>
<td>com_Milan_Test.EMRDashBoardPageTest@658c5a19</td></tr>
<tr>
<td title='com_Milan_Test.EMRDashBoardPageTest.ClickOnDiagnosisTest()'><b>ClickOnDiagnosisTest</b><br>Test class: com_Milan_Test.EMRDashBoardPageTest</td>
<td></td>
<td>33</td>
<td>com_Milan_Test.EMRDashBoardPageTest@658c5a19</td></tr>
<tr>
<td title='com_Milan_Test.EMRDashBoardPageTest.ClickOnInvestigationTest()'><b>ClickOnInvestigationTest</b><br>Test class: com_Milan_Test.EMRDashBoardPageTest</td>
<td></td>
<td>2</td>
<td>com_Milan_Test.EMRDashBoardPageTest@658c5a19</td></tr>
<tr>
<td title='com_Milan_Test.EMRDashBoardPageTest.ClickOnMenPaientHistory()'><b>ClickOnMenPaientHistory</b><br>Test class: com_Milan_Test.EMRDashBoardPageTest</td>
<td></td>
<td>30</td>
<td>com_Milan_Test.EMRDashBoardPageTest@658c5a19</td></tr>
<tr>
<td title='com_Milan_Test.FemaleDiagnosisTest.ClickOnOtherDiagnosisTest()'><b>ClickOnOtherDiagnosisTest</b><br>Test class: com_Milan_Test.FemaleDiagnosisTest</td>
<td></td>
<td>20</td>
<td>com_Milan_Test.FemaleDiagnosisTest@1187c9e8</td></tr>
<tr>
<td title='com_Milan_Test.EMRDashBoardPageTest.ClickOnSiemenProcessingTest()'><b>ClickOnSiemenProcessingTest</b><br>Test class: com_Milan_Test.EMRDashBoardPageTest</td>
<td></td>
<td>1</td>
<td>com_Milan_Test.EMRDashBoardPageTest@658c5a19</td></tr>
<tr>
<td title='com_Milan_Test.EMRDashBoardPageTest.ClickOnVitalTest()'><b>ClickOnVitalTest</b><br>Test class: com_Milan_Test.EMRDashBoardPageTest</td>
<td></td>
<td>32</td>
<td>com_Milan_Test.EMRDashBoardPageTest@658c5a19</td></tr>
<tr>
<td title='com_Milan_Test.WOPUCycyclePageTest.ClickonCycletabTest()'><b>ClickonCycletabTest</b><br>Test class: com_Milan_Test.WOPUCycyclePageTest</td>
<td></td>
<td>61</td>
<td>com_Milan_Test.WOPUCycyclePageTest@57c03d88</td></tr>
<tr>
<td title='com_Milan_Test.CycleListPageTest.ClickonNewCycleTest()'><b>ClickonNewCycleTest</b><br>Test class: com_Milan_Test.CycleListPageTest</td>
<td></td>
<td>1</td>
<td>com_Milan_Test.CycleListPageTest@16aa8654</td></tr>
<tr>
<td title='com_Milan_Test.EMRDashBoardPageTest.ClickonWoomenPaientFieldTest()'><b>ClickonWoomenPaientFieldTest</b><br>Test class: com_Milan_Test.EMRDashBoardPageTest</td>
<td></td>
<td>30</td>
<td>com_Milan_Test.EMRDashBoardPageTest@658c5a19</td></tr>
<tr>
<td title='com_Milan_Test.FemaleDiagnosisTest.CodevalueTest()'><b>CodevalueTest</b><br>Test class: com_Milan_Test.FemaleDiagnosisTest</td>
<td></td>
<td>0</td>
<td>com_Milan_Test.FemaleDiagnosisTest@1187c9e8</td></tr>
<tr>
<td title='com_Milan_Test.WObstetricHistoryPageTest.ComplicationsEnableCondititionTest()'><b>ComplicationsEnableCondititionTest</b><br>Test class: com_Milan_Test.WObstetricHistoryPageTest</td>
<td></td>
<td>0</td>
<td>com_Milan_Test.WObstetricHistoryPageTest@127a7a2e</td></tr>
<tr>
<td title='com_Milan_Test.CycleOverviewPageTest.ConcentTest()'><b>ConcentTest</b><br>Test class: com_Milan_Test.CycleOverviewPageTest</td>
<td></td>
<td>13</td>
<td>com_Milan_Test.CycleOverviewPageTest@6d7fc27</td></tr>
<tr>
<td title='com_Milan_Test.WObstetricHistoryPageTest.CongenitalAnamolyEnableCondititionTest()'><b>CongenitalAnamolyEnableCondititionTest</b><br>Test class: com_Milan_Test.WObstetricHistoryPageTest</td>
<td></td>
<td>0</td>
<td>com_Milan_Test.WObstetricHistoryPageTest@127a7a2e</td></tr>
<tr>
<td title='com_Milan_Test.WAddictionsTest.CurrentStatusEnableConditionAdictionTest()'><b>CurrentStatusEnableConditionAdictionTest</b><br>Test class: com_Milan_Test.WAddictionsTest</td>
<td></td>
<td>0</td>
<td>com_Milan_Test.WAddictionsTest@78a773fd</td></tr>
<tr>
<td title='com_Milan_Test.WAddictionsTest.CurrentStatusEnableConditionAlkoholTest()'><b>CurrentStatusEnableConditionAlkoholTest</b><br>Test class: com_Milan_Test.WAddictionsTest</td>
<td></td>
<td>0</td>
<td>com_Milan_Test.WAddictionsTest@78a773fd</td></tr>
<tr>
<td title='com_Milan_Test.WAddictionsTest.CurrentStatusEnableConditionCaffeineAddictionTest()'><b>CurrentStatusEnableConditionCaffeineAddictionTest</b><br>Test class: com_Milan_Test.WAddictionsTest</td>
<td></td>
<td>0</td>
<td>com_Milan_Test.WAddictionsTest@78a773fd</td></tr>
<tr>
<td title='com_Milan_Test.WAddictionsTest.CurrentStatusEnableConditionSmokeTest()'><b>CurrentStatusEnableConditionSmokeTest</b><br>Test class: com_Milan_Test.WAddictionsTest</td>
<td></td>
<td>0</td>
<td>com_Milan_Test.WAddictionsTest@78a773fd</td></tr>
<tr>
<td title='com_Milan_Test.WAddictionsTest.CurrentStatusEnableConditionTobacoTest()'><b>CurrentStatusEnableConditionTobacoTest</b><br>Test class: com_Milan_Test.WAddictionsTest</td>
<td></td>
<td>0</td>
<td>com_Milan_Test.WAddictionsTest@78a773fd</td></tr>
<tr>
<td title='com_Milan_Test.WMenstrualHistoryTest.CycleDurationTest()'><b>CycleDurationTest</b><br>Test class: com_Milan_Test.WMenstrualHistoryTest</td>
<td></td>
<td>0</td>
<td>com_Milan_Test.WMenstrualHistoryTest@59d4cd39</td></tr>
<tr>
<td title='com_Milan_Test.CycleListPageTest.CycleListTitleTest()'><b>CycleListTitleTest</b><br>Test class: com_Milan_Test.CycleListPageTest</td>
<td></td>
<td>1</td>
<td>com_Milan_Test.CycleListPageTest@16aa8654</td></tr>
<tr>
<td title='com_Milan_Test.WOPUCycyclePageTest.DeleteTheSeviceBeforeSaveThecycleTest()'><b>DeleteTheSeviceBeforeSaveThecycleTest</b><br>Test class: com_Milan_Test.WOPUCycyclePageTest</td>
<td></td>
<td>83</td>
<td>com_Milan_Test.WOPUCycyclePageTest@57c03d88</td></tr>
<tr>
<td title='com_Milan_Test.WObstetricHistoryPageTest.DeliveryEnableCondititionTest()'><b>DeliveryEnableCondititionTest</b><br>Test class: com_Milan_Test.WObstetricHistoryPageTest</td>
<td></td>
<td>0</td>
<td>com_Milan_Test.WObstetricHistoryPageTest@127a7a2e</td></tr>
<tr>
<td title='com_Milan_Test.WObstetricHistoryPageTest.DeliveryTypeEnableconditionTest()'><b>DeliveryTypeEnableconditionTest</b><br>Test class: com_Milan_Test.WObstetricHistoryPageTest</td>
<td></td>
<td>0</td>
<td>com_Milan_Test.WObstetricHistoryPageTest@127a7a2e</td></tr>
<tr>
<td title='com_Milan_Test.WPastMedicationHistoryTest.DrugNameFieldEnableconditionTest()'><b>DrugNameFieldEnableconditionTest</b><br>Test class: com_Milan_Test.WPastMedicationHistoryTest</td>
<td></td>
<td>6</td>
<td>com_Milan_Test.WPastMedicationHistoryTest@3fc79729</td></tr>
<tr>
<td title='com_Milan_Test.WPastMedicationHistoryTest.DrugNameTest()'><b>DrugNameTest</b><br>Test class: com_Milan_Test.WPastMedicationHistoryTest</td>
<td></td>
<td>6</td>
<td>com_Milan_Test.WPastMedicationHistoryTest@3fc79729</td></tr>
<tr>
<td title='com_Milan_Test.WSexsualHistoryTest.DyspareuniatextTest()'><b>DyspareuniatextTest</b><br>Test class: com_Milan_Test.WSexsualHistoryTest</td>
<td></td>
<td>0</td>
<td>com_Milan_Test.WSexsualHistoryTest@389c4eb1</td></tr>
<tr>
<td title='com_Milan_Test.WObstetricHistoryPageTest.EctopiccEnableCondititionTest()'><b>EctopiccEnableCondititionTest</b><br>Test class: com_Milan_Test.WObstetricHistoryPageTest</td>
<td></td>
<td>0</td>
<td>com_Milan_Test.WObstetricHistoryPageTest@127a7a2e</td></tr>
<tr>
<td title='com_Milan_Test.SimulationChartPageTest.EnableconditionAddSimulationDrugTest()'><b>EnableconditionAddSimulationDrugTest</b><br>Test class: com_Milan_Test.SimulationChartPageTest</td>
<td></td>
<td>1</td>
<td>com_Milan_Test.SimulationChartPageTest@45ac5f9b</td></tr>
<tr>
<td title='com_Milan_Test.CycleListPageTest.EnabledconditionARTTypeTest()'><b>EnabledconditionARTTypeTest</b><br>Test class: com_Milan_Test.CycleListPageTest</td>
<td></td>
<td>0</td>
<td>com_Milan_Test.CycleListPageTest@16aa8654</td></tr>
<tr>
<td title='com_Milan_Test.WAllergiesTest.ExistingPatientDrugAllergyTypeTest()'><b>ExistingPatientDrugAllergyTypeTest</b><br>Test class: com_Milan_Test.WAllergiesTest</td>
<td></td>
<td>0</td>
<td>com_Milan_Test.WAllergiesTest@4b34fff9</td></tr>
<tr>
<td title='com_Milan_Test.WomenHistoryPageTest.FamilyHistoryTest()'><b>FamilyHistoryTest</b><br>Test class: com_Milan_Test.WomenHistoryPageTest</td>
<td></td>
<td>30</td>
<td>com_Milan_Test.WomenHistoryPageTest@421e361</td></tr>
<tr>
<td title='com_Milan_Test.WSexsualHistoryTest.FillSexsuslHistorytest()'><b>FillSexsuslHistorytest</b><br>Test class: com_Milan_Test.WSexsualHistoryTest</td>
<td></td>
<td>6</td>
<td>com_Milan_Test.WSexsualHistoryTest@389c4eb1</td></tr>
<tr>
<td title='com_Milan_Test.WAllergiesTest.FoodAllergyvalidationTest()'><b>FoodAllergyvalidationTest</b><br>Test class: com_Milan_Test.WAllergiesTest</td>
<td></td>
<td>0</td>
<td>com_Milan_Test.WAllergiesTest@4b34fff9</td></tr>
<tr>
<td title='com_Milan_Test.WSexsualHistoryTest.InrelationshipsinceYearsTest()'><b>InrelationshipsinceYearsTest</b><br>Test class: com_Milan_Test.WSexsualHistoryTest</td>
<td></td>
<td>0</td>
<td>com_Milan_Test.WSexsualHistoryTest@389c4eb1</td></tr>
<tr>
<td title='com_Milan_Test.LoginPageTest.InvalidPasswordTest()'><b>InvalidPasswordTest</b><br>Test class: com_Milan_Test.LoginPageTest</td>
<td></td>
<td>6</td>
<td>com_Milan_Test.LoginPageTest@6e01f9b0</td></tr>
<tr>
<td title='com_Milan_Test.LoginPageTest.InvalidusernameTest()'><b>InvalidusernameTest</b><br>Test class: com_Milan_Test.LoginPageTest</td>
<td></td>
<td>3</td>
<td>com_Milan_Test.LoginPageTest@6e01f9b0</td></tr>
<tr>
<td title='com_Milan_Test.CycleListPageTest.LMPDateTest()'><b>LMPDateTest</b><br>Test class: com_Milan_Test.CycleListPageTest</td>
<td></td>
<td>3</td>
<td>com_Milan_Test.CycleListPageTest@16aa8654</td></tr>
<tr>
<td title='com_Milan_Test.WMenstrualHistoryTest.LMPcalenderdateSelectionTest()'><b>LMPcalenderdateSelectionTest</b><br>Test class: com_Milan_Test.WMenstrualHistoryTest</td>
<td></td>
<td>1</td>
<td>com_Milan_Test.WMenstrualHistoryTest@59d4cd39</td></tr>
<tr>
<td title='com_Milan_Test.WObstetricHistoryPageTest.LiveBirthAbovePostTermconditionTest()'><b>LiveBirthAbovePostTermconditionTest</b><br>Test class: com_Milan_Test.WObstetricHistoryPageTest</td>
<td></td>
<td>120</td>
<td>com_Milan_Test.WObstetricHistoryPageTest@127a7a2e</td></tr>
<tr>
<td title='com_Milan_Test.WObstetricHistoryPageTest.LiveBirthEnableTest()'><b>LiveBirthEnableTest</b><br>Test class: com_Milan_Test.WObstetricHistoryPageTest</td>
<td></td>
<td>0</td>
<td>com_Milan_Test.WObstetricHistoryPageTest@127a7a2e</td></tr>
<tr>
<td title='com_Milan_Test.WObstetricHistoryPageTest.LiveBirthFullTermconditionTest()'><b>LiveBirthFullTermconditionTest</b><br>Test class: com_Milan_Test.WObstetricHistoryPageTest</td>
<td></td>
<td>120</td>
<td>com_Milan_Test.WObstetricHistoryPageTest@127a7a2e</td></tr>
<tr>
<td title='com_Milan_Test.WObstetricHistoryPageTest.LiveBirthPretermconditionTest()'><b>LiveBirthPretermconditionTest</b><br>Test class: com_Milan_Test.WObstetricHistoryPageTest</td>
<td></td>
<td>120</td>
<td>com_Milan_Test.WObstetricHistoryPageTest@127a7a2e</td></tr>
<tr>
<td title='com_Milan_Test.LoginPageTest.LoginTest()'><b>LoginTest</b><br>Test class: com_Milan_Test.LoginPageTest</td>
<td></td>
<td>2</td>
<td>com_Milan_Test.LoginPageTest@6e01f9b0</td></tr>
<tr>
<td title='com_Milan_Test.WSexsualHistoryTest.Lubricationusedtext()'><b>Lubricationusedtext</b><br>Test class: com_Milan_Test.WSexsualHistoryTest</td>
<td></td>
<td>0</td>
<td>com_Milan_Test.WSexsualHistoryTest@389c4eb1</td></tr>
<tr>
<td title='com_Milan_Test.WomenHistoryPageTest.MedicalHistoryTest()'><b>MedicalHistoryTest</b><br>Test class: com_Milan_Test.WomenHistoryPageTest</td>
<td></td>
<td>0</td>
<td>com_Milan_Test.WomenHistoryPageTest@421e361</td></tr>
<tr>
<td title='com_Milan_Test.WMenstrualHistoryTest.MenarcheRangeEndTest()'><b>MenarcheRangeEndTest</b><br>Test class: com_Milan_Test.WMenstrualHistoryTest</td>
<td></td>
<td>0</td>
<td>com_Milan_Test.WMenstrualHistoryTest@59d4cd39</td></tr>
<tr>
<td title='com_Milan_Test.WMenstrualHistoryTest.MenstrualFlowTextTest()'><b>MenstrualFlowTextTest</b><br>Test class: com_Milan_Test.WMenstrualHistoryTest</td>
<td></td>
<td>0</td>
<td>com_Milan_Test.WMenstrualHistoryTest@59d4cd39</td></tr>
<tr>
<td title='com_Milan_Test.WMenstrualHistoryTest.MenstrualFlowtextTest()'><b>MenstrualFlowtextTest</b><br>Test class: com_Milan_Test.WMenstrualHistoryTest</td>
<td></td>
<td>0</td>
<td>com_Milan_Test.WMenstrualHistoryTest@59d4cd39</td></tr>
<tr>
<td title='com_Milan_Test.WMenstrualHistoryTest.MenstruationTest1()'><b>MenstruationTest1</b><br>Test class: com_Milan_Test.WMenstrualHistoryTest</td>
<td></td>
<td>0</td>
<td>com_Milan_Test.WMenstrualHistoryTest@59d4cd39</td></tr>
<tr>
<td title='com_Milan_Test.WOPUCycyclePageTest.MessageforAlreadtyavailableCycleTest()'><b>MessageforAlreadtyavailableCycleTest</b><br>Test class: com_Milan_Test.WOPUCycyclePageTest</td>
<td></td>
<td>81</td>
<td>com_Milan_Test.WOPUCycyclePageTest@57c03d88</td></tr>
<tr>
<td title='com_Milan_Test.SimulationChartPageTest.MessageonOPUPageTest()'><b>MessageonOPUPageTest</b><br>Test class: com_Milan_Test.SimulationChartPageTest</td>
<td></td>
<td>8</td>
<td>com_Milan_Test.SimulationChartPageTest@45ac5f9b</td></tr>
<tr>
<td title='com_Milan_Test.CycleListPageTest.MethodOfSemenCollectionTest()'><b>MethodOfSemenCollectionTest</b><br>Test class: com_Milan_Test.CycleListPageTest</td>
<td></td>
<td>5</td>
<td>com_Milan_Test.CycleListPageTest@16aa8654</td></tr>
<tr>
<td title='com_Milan_Test.CycleListPageTest.NewCycleButtonEnableConditionTest()'><b>NewCycleButtonEnableConditionTest</b><br>Test class: com_Milan_Test.CycleListPageTest</td>
<td></td>
<td>0</td>
<td>com_Milan_Test.CycleListPageTest@16aa8654</td></tr>
<tr>
<td title='com_Milan_Test.WcomplaintsTest.NextFollowUpTest()'><b>NextFollowUpTest</b><br>Test class: com_Milan_Test.WcomplaintsTest</td>
<td></td>
<td>1</td>
<td>com_Milan_Test.WcomplaintsTest@34f6515b</td></tr>
<tr>
<td title='com_Milan_Test.WOPUCycyclePageTest.NoofCyclesTest()'><b>NoofCyclesTest</b><br>Test class: com_Milan_Test.WOPUCycyclePageTest</td>
<td></td>
<td>30</td>
<td>com_Milan_Test.WOPUCycyclePageTest@57c03d88</td></tr>
<tr>
<td title='com_Milan_Test.WcomplaintsTest.NumberOfComplaintsTest()'><b>NumberOfComplaintsTest</b><br>Test class: com_Milan_Test.WcomplaintsTest</td>
<td></td>
<td>0</td>
<td>com_Milan_Test.WcomplaintsTest@34f6515b</td></tr>
<tr>
<td title='com_Milan_Test.WomenHistoryPageTest.ObstetricHistoryTest()'><b>ObstetricHistoryTest</b><br>Test class: com_Milan_Test.WomenHistoryPageTest</td>
<td></td>
<td>0</td>
<td>com_Milan_Test.WomenHistoryPageTest@421e361</td></tr>
<tr>
<td title='com_Milan_Test.WAllergiesTest.OptionSelectedOnAllergyCurrentStstusTest()'><b>OptionSelectedOnAllergyCurrentStstusTest</b><br>Test class: com_Milan_Test.WAllergiesTest</td>
<td></td>
<td>0</td>
<td>com_Milan_Test.WAllergiesTest@4b34fff9</td></tr>
<tr>
<td title='com_Milan_Test.WomenHistoryPageTest.PreviousTreatmentHistoryTest()'><b>PreviousTreatmentHistoryTest</b><br>Test class: com_Milan_Test.WomenHistoryPageTest</td>
<td></td>
<td>0</td>
<td>com_Milan_Test.WomenHistoryPageTest@421e361</td></tr>
<tr>
<td title='com_Milan_Test.CycleListPageTest.ProtocolandselectionTest()'><b>ProtocolandselectionTest</b><br>Test class: com_Milan_Test.CycleListPageTest</td>
<td></td>
<td>8</td>
<td>com_Milan_Test.CycleListPageTest@16aa8654</td></tr>
<tr>
<td title='com_Milan_Test.WSexsualHistoryTest.Remarktexttest()'><b>Remarktexttest</b><br>Test class: com_Milan_Test.WSexsualHistoryTest</td>
<td></td>
<td>3</td>
<td>com_Milan_Test.WSexsualHistoryTest@389c4eb1</td></tr>
<tr>
<td title='com_Milan_Test.WObstetricHistoryPageTest.RowGridEnableTest()'><b>RowGridEnableTest</b><br>Test class: com_Milan_Test.WObstetricHistoryPageTest</td>
<td></td>
<td>0</td>
<td>com_Milan_Test.WObstetricHistoryPageTest@127a7a2e</td></tr>
<tr>
<td title='com_Milan_Test.WVitalsTest.SaveAllVitalsValuesTest()'><b>SaveAllVitalsValuesTest</b><br>Test class: com_Milan_Test.WVitalsTest<br>Parameters: 60.0, 180.0, "90", "59", 59.0, 96.0</td>
<td></td>
<td>3</td>
<td>com_Milan_Test.WVitalsTest@14008db3</td></tr>
<tr>
<td title='com_Milan_Test.WVitalsTest.SaveAllVitalsValuesTest()'><b>SaveAllVitalsValuesTest</b><br>Test class: com_Milan_Test.WVitalsTest<br>Parameters: 80.0, 170.0, "100", "60", 60.0, 97.8</td>
<td></td>
<td>3</td>
<td>com_Milan_Test.WVitalsTest@14008db3</td></tr>
<tr>
<td title='com_Milan_Test.WVitalsTest.SaveAllVitalsValuesTest()'><b>SaveAllVitalsValuesTest</b><br>Test class: com_Milan_Test.WVitalsTest<br>Parameters: 100.0, 160.0, "120", "70", 80.0, 99.0</td>
<td></td>
<td>3</td>
<td>com_Milan_Test.WVitalsTest@14008db3</td></tr>
<tr>
<td title='com_Milan_Test.WVitalsTest.SaveAllVitalsValuesTest()'><b>SaveAllVitalsValuesTest</b><br>Test class: com_Milan_Test.WVitalsTest<br>Parameters: 90.0, 150.0, , "80", 99.0, 100.0</td>
<td></td>
<td>3</td>
<td>com_Milan_Test.WVitalsTest@14008db3</td></tr>
<tr>
<td title='com_Milan_Test.WVitalsTest.SaveAllVitalsValuesTest()'><b>SaveAllVitalsValuesTest</b><br>Test class: com_Milan_Test.WVitalsTest<br>Parameters: 70.0, 100.0, , "81", 101.0, 101.0</td>
<td></td>
<td>3</td>
<td>com_Milan_Test.WVitalsTest@14008db3</td></tr>
<tr>
<td title='com_Milan_Test.WOPUCycyclePageTest.SaveOPUsubtypeICSITest()'><b>SaveOPUsubtypeICSITest</b><br>Test class: com_Milan_Test.WOPUCycyclePageTest</td>
<td></td>
<td>30</td>
<td>com_Milan_Test.WOPUCycyclePageTest@57c03d88</td></tr>
<tr>
<td title='com_Milan_Test.WObstetricHistoryPageTest.SaveOutcometypesTest()'><b>SaveOutcometypesTest</b><br>Test class: com_Milan_Test.WObstetricHistoryPageTest</td>
<td></td>
<td>16</td>
<td>com_Milan_Test.WObstetricHistoryPageTest@127a7a2e</td></tr>
<tr>
<td title='com_Milan_Test.SimulationChartPageTest.SaveSimulationTest()'><b>SaveSimulationTest</b><br>Test class: com_Milan_Test.SimulationChartPageTest</td>
<td></td>
<td>9</td>
<td>com_Milan_Test.SimulationChartPageTest@45ac5f9b</td></tr>
<tr>
<td title='com_Milan_Test.WcomplaintsTest.SaveTheComplaintsTest()'><b>SaveTheComplaintsTest</b><br>Test class: com_Milan_Test.WcomplaintsTest</td>
<td></td>
<td>8</td>
<td>com_Milan_Test.WcomplaintsTest@34f6515b</td></tr>
<tr>
<td title='com_Milan_Test.WMenstrualHistoryTest.SaveWMenstrualHistoryTest()'><b>SaveWMenstrualHistoryTest</b><br>Test class: com_Milan_Test.WMenstrualHistoryTest</td>
<td></td>
<td>3</td>
<td>com_Milan_Test.WMenstrualHistoryTest@59d4cd39</td></tr>
<tr>
<td title='com_Milan_Test.WMenstrualHistoryTest.SavevaluesTest()'><b>SavevaluesTest</b><br>Test class: com_Milan_Test.WMenstrualHistoryTest</td>
<td></td>
<td>0</td>
<td>com_Milan_Test.WMenstrualHistoryTest@59d4cd39</td></tr>
<tr>
<td title='com_Milan_Test.SearchPageTest.SearchPatientUsingCalenderTest()'><b>SearchPatientUsingCalenderTest</b><br>Test class: com_Milan_Test.SearchPageTest</td>
<td></td>
<td>14</td>
<td>com_Milan_Test.SearchPageTest@6c61a903</td></tr>
<tr>
<td title='com_Milan_Test.HomePageTest.SearchPatientUsingCalenderTest()'><b>SearchPatientUsingCalenderTest</b><br>Test class: com_Milan_Test.HomePageTest</td>
<td></td>
<td>17</td>
<td>com_Milan_Test.HomePageTest@2b9ed6da</td></tr>
<tr>
<td title='com_Milan_Test.HomePageTest.SearchPatientUsingPatientTabTest()'><b>SearchPatientUsingPatientTabTest</b><br>Test class: com_Milan_Test.HomePageTest</td>
<td></td>
<td>8</td>
<td>com_Milan_Test.HomePageTest@2b9ed6da</td></tr>
<tr>
<td title='com_Milan_Test.SearchPageTest.SearchPatientUsingPatientTabTest()'><b>SearchPatientUsingPatientTabTest</b><br>Test class: com_Milan_Test.SearchPageTest</td>
<td></td>
<td>39</td>
<td>com_Milan_Test.SearchPageTest@6c61a903</td></tr>
<tr>
<td title='com_Milan_Test.WOPUCycyclePageTest.SearchcycleTest()'><b>SearchcycleTest</b><br>Test class: com_Milan_Test.WOPUCycyclePageTest</td>
<td></td>
<td>32</td>
<td>com_Milan_Test.WOPUCycyclePageTest@57c03d88</td></tr>
<tr>
<td title='com_Milan_Test.WAddictionsTest.SenceWhenEnableconditionSinceWhenDrugAddictionYearTest()'><b>SenceWhenEnableconditionSinceWhenDrugAddictionYearTest</b><br>Test class: com_Milan_Test.WAddictionsTest</td>
<td></td>
<td>0</td>
<td>com_Milan_Test.WAddictionsTest@78a773fd</td></tr>
<tr>
<td title='com_Milan_Test.WAddictionsTest.SenceWhenEnableconditionSinceWhenYearAlkoholTest()'><b>SenceWhenEnableconditionSinceWhenYearAlkoholTest</b><br>Test class: com_Milan_Test.WAddictionsTest</td>
<td></td>
<td>0</td>
<td>com_Milan_Test.WAddictionsTest@78a773fd</td></tr>
<tr>
<td title='com_Milan_Test.WAddictionsTest.SenceWhenEnableconditionSinceWhenYearSmokeTest()'><b>SenceWhenEnableconditionSinceWhenYearSmokeTest</b><br>Test class: com_Milan_Test.WAddictionsTest</td>
<td></td>
<td>0</td>
<td>com_Milan_Test.WAddictionsTest@78a773fd</td></tr>
<tr>
<td title='com_Milan_Test.WAddictionsTest.SenceWhenEnableconditionSinceWhenYearTobacoTest()'><b>SenceWhenEnableconditionSinceWhenYearTobacoTest</b><br>Test class: com_Milan_Test.WAddictionsTest</td>
<td></td>
<td>0</td>
<td>com_Milan_Test.WAddictionsTest@78a773fd</td></tr>
<tr>
<td title='com_Milan_Test.WSexsualHistoryTest.SexInrelationshipsinceMonthsTest()'><b>SexInrelationshipsinceMonthsTest</b><br>Test class: com_Milan_Test.WSexsualHistoryTest</td>
<td></td>
<td>5</td>
<td>com_Milan_Test.WSexsualHistoryTest@389c4eb1</td></tr>
<tr>
<td title='com_Milan_Test.WomenHistoryPageTest.SexualHistoryTest()'><b>SexualHistoryTest</b><br>Test class: com_Milan_Test.WomenHistoryPageTest</td>
<td></td>
<td>0</td>
<td>com_Milan_Test.WomenHistoryPageTest@421e361</td></tr>
<tr>
<td title='com_Milan_Test.CycleListPageTest.SimulationDrugTest()'><b>SimulationDrugTest</b><br>Test class: com_Milan_Test.CycleListPageTest</td>
<td></td>
<td>58</td>
<td>com_Milan_Test.CycleListPageTest@16aa8654</td></tr>
<tr>
<td title='com_Milan_Test.SimulationChartPageTest.SimulationDrugValidationTest()'><b>SimulationDrugValidationTest</b><br>Test class: com_Milan_Test.SimulationChartPageTest</td>
<td></td>
<td>15</td>
<td>com_Milan_Test.SimulationChartPageTest@45ac5f9b</td></tr>
<tr>
<td title='com_Milan_Test.WAddictionsTest.SinceWhenEnableconditionSinceWhenCaffeineAddictionTest()'><b>SinceWhenEnableconditionSinceWhenCaffeineAddictionTest</b><br>Test class: com_Milan_Test.WAddictionsTest</td>
<td></td>
<td>0</td>
<td>com_Milan_Test.WAddictionsTest@78a773fd</td></tr>
<tr>
<td title='com_Milan_Test.WAddictionsTest.SinceWhenEnableconditionSinceWhenMonthAlkoholTest()'><b>SinceWhenEnableconditionSinceWhenMonthAlkoholTest</b><br>Test class: com_Milan_Test.WAddictionsTest</td>
<td></td>
<td>0</td>
<td>com_Milan_Test.WAddictionsTest@78a773fd</td></tr>
<tr>
<td title='com_Milan_Test.WAddictionsTest.SinceWhenEnableconditionSinceWhenMonthForCaffeineAddictionTest()'><b>SinceWhenEnableconditionSinceWhenMonthForCaffeineAddictionTest</b><br>Test class: com_Milan_Test.WAddictionsTest</td>
<td></td>
<td>0</td>
<td>com_Milan_Test.WAddictionsTest@78a773fd</td></tr>
<tr>
<td title='com_Milan_Test.WAddictionsTest.SinceWhenEnableconditionSinceWhenMonthForDrugAdictionTest()'><b>SinceWhenEnableconditionSinceWhenMonthForDrugAdictionTest</b><br>Test class: com_Milan_Test.WAddictionsTest</td>
<td></td>
<td>0</td>
<td>com_Milan_Test.WAddictionsTest@78a773fd</td></tr>
<tr>
<td title='com_Milan_Test.WAddictionsTest.SinceWhenEnableconditionSinceWhenMonthSmokeTest()'><b>SinceWhenEnableconditionSinceWhenMonthSmokeTest</b><br>Test class: com_Milan_Test.WAddictionsTest</td>
<td></td>
<td>0</td>
<td>com_Milan_Test.WAddictionsTest@78a773fd</td></tr>
<tr>
<td title='com_Milan_Test.WAddictionsTest.SinceWhenEnableconditionSinceWhenMonthTobocoTest()'><b>SinceWhenEnableconditionSinceWhenMonthTobocoTest</b><br>Test class: com_Milan_Test.WAddictionsTest</td>
<td></td>
<td>0</td>
<td>com_Milan_Test.WAddictionsTest@78a773fd</td></tr>
<tr>
<td title='com_Milan_Test.CycleListPageTest.SourceofSpermselectionDonorTest()'><b>SourceofSpermselectionDonorTest</b><br>Test class: com_Milan_Test.CycleListPageTest</td>
<td></td>
<td>7</td>
<td>com_Milan_Test.CycleListPageTest@16aa8654</td></tr>
<tr>
<td title='com_Milan_Test.CycleListPageTest.SourceofspermPartnerTest()'><b>SourceofspermPartnerTest</b><br>Test class: com_Milan_Test.CycleListPageTest</td>
<td></td>
<td>6</td>
<td>com_Milan_Test.CycleListPageTest@16aa8654</td></tr>
<tr>
<td title='com_Milan_Test.WObstetricHistoryPageTest.StillBornEnableTest()'><b>StillBornEnableTest</b><br>Test class: com_Milan_Test.WObstetricHistoryPageTest</td>
<td></td>
<td>0</td>
<td>com_Milan_Test.WObstetricHistoryPageTest@127a7a2e</td></tr>
<tr>
<td title='com_Milan_Test.WomenHistoryPageTest.SurgicalHistoryTest()'><b>SurgicalHistoryTest</b><br>Test class: com_Milan_Test.WomenHistoryPageTest</td>
<td></td>
<td>0</td>
<td>com_Milan_Test.WomenHistoryPageTest@421e361</td></tr>
<tr>
<td title='com_Milan_Test.WSexsualHistoryTest.TryingToConcieveSinceMonthTest()'><b>TryingToConcieveSinceMonthTest</b><br>Test class: com_Milan_Test.WSexsualHistoryTest</td>
<td></td>
<td>0</td>
<td>com_Milan_Test.WSexsualHistoryTest@389c4eb1</td></tr>
<tr>
<td title='com_Milan_Test.WSexsualHistoryTest.TryingToConcieveSinceYearTest()'><b>TryingToConcieveSinceYearTest</b><br>Test class: com_Milan_Test.WSexsualHistoryTest</td>
<td></td>
<td>0</td>
<td>com_Milan_Test.WSexsualHistoryTest@389c4eb1</td></tr>
<tr>
<td title='com_Milan_Test.FemaleDiagnosisTest.TypeSelectionboxEnableconditionForOtherfavorireTest()'><b>TypeSelectionboxEnableconditionForOtherfavorireTest</b><br>Test class: com_Milan_Test.FemaleDiagnosisTest</td>
<td></td>
<td>0</td>
<td>com_Milan_Test.FemaleDiagnosisTest@1187c9e8</td></tr>
<tr>
<td title='com_Milan_Test.FemaleDiagnosisTest.UnFavoriteTheFavioriteTest()'><b>UnFavoriteTheFavioriteTest</b><br>Test class: com_Milan_Test.FemaleDiagnosisTest</td>
<td></td>
<td>8</td>
<td>com_Milan_Test.FemaleDiagnosisTest@1187c9e8</td></tr>
<tr>
<td title='com_Milan_Test.WomenHistoryPageTest.VaccinationTest()'><b>VaccinationTest</b><br>Test class: com_Milan_Test.WomenHistoryPageTest</td>
<td></td>
<td>0</td>
<td>com_Milan_Test.WomenHistoryPageTest@421e361</td></tr>
<tr>
<td title='com_Milan_Test.CycleOverviewPageTest.ValueInARTTypeTest()'><b>ValueInARTTypeTest</b><br>Test class: com_Milan_Test.CycleOverviewPageTest</td>
<td></td>
<td>5</td>
<td>com_Milan_Test.CycleOverviewPageTest@6d7fc27</td></tr>
<tr>
<td title='com_Milan_Test.CycleOverviewPageTest.ValueInMethodOfSemenCollectionOptionTest()'><b>ValueInMethodOfSemenCollectionOptionTest</b><br>Test class: com_Milan_Test.CycleOverviewPageTest</td>
<td></td>
<td>11</td>
<td>com_Milan_Test.CycleOverviewPageTest@6d7fc27</td></tr>
<tr>
<td title='com_Milan_Test.CycleOverviewPageTest.ValueInProtocolTest()'><b>ValueInProtocolTest</b><br>Test class: com_Milan_Test.CycleOverviewPageTest</td>
<td></td>
<td>1</td>
<td>com_Milan_Test.CycleOverviewPageTest@6d7fc27</td></tr>
<tr>
<td title='com_Milan_Test.CycleOverviewPageTest.ValueInSourceofSpermOptionTest()'><b>ValueInSourceofSpermOptionTest</b><br>Test class: com_Milan_Test.CycleOverviewPageTest</td>
<td></td>
<td>10</td>
<td>com_Milan_Test.CycleOverviewPageTest@6d7fc27</td></tr>
<tr>
<td title='com_Milan_Test.FemaleDiagnosisTest.checkboxclickTest()'><b>checkboxclickTest</b><br>Test class: com_Milan_Test.FemaleDiagnosisTest</td>
<td></td>
<td>6</td>
<td>com_Milan_Test.FemaleDiagnosisTest@1187c9e8</td></tr>
<tr>
<td title='com_Milan_Test.WSexsualHistoryTest.numberofcharacterexualDysfunctionTest()'><b>numberofcharacterexualDysfunctionTest</b><br>Test class: com_Milan_Test.WSexsualHistoryTest</td>
<td></td>
<td>0</td>
<td>com_Milan_Test.WSexsualHistoryTest@389c4eb1</td></tr>
<tr>
<td title='com_Milan_Test.WomenHistoryPageTest.pastMedicationHistoryTest()'><b>pastMedicationHistoryTest</b><br>Test class: com_Milan_Test.WomenHistoryPageTest</td>
<td></td>
<td>0</td>
<td>com_Milan_Test.WomenHistoryPageTest@421e361</td></tr>
<tr>
<td title='com_Milan_Test.WPastMedicationHistoryTest.pastMedicationHistorysetdataTest()'><b>pastMedicationHistorysetdataTest</b><br>Test class: com_Milan_Test.WPastMedicationHistoryTest</td>
<td></td>
<td>5</td>
<td>com_Milan_Test.WPastMedicationHistoryTest@3fc79729</td></tr>
<tr>
<td title='com_Milan_Test.WAddictionsTest.saveAdictionsTest()'><b>saveAdictionsTest</b><br>Test class: com_Milan_Test.WAddictionsTest<br>Parameters: Smoking, Yes, 1, 1, Regular, 1</td>
<td></td>
<td>6</td>
<td>com_Milan_Test.WAddictionsTest@78a773fd</td></tr>
<tr>
<td title='com_Milan_Test.WAddictionsTest.saveAdictionsTest()'><b>saveAdictionsTest</b><br>Test class: com_Milan_Test.WAddictionsTest<br>Parameters: Alcohol, No, 3, 5, Irregular, 100</td>
<td></td>
<td>6</td>
<td>com_Milan_Test.WAddictionsTest@78a773fd</td></tr>
<tr>
<td title='com_Milan_Test.WAddictionsTest.saveAdictionsTest()'><b>saveAdictionsTest</b><br>Test class: com_Milan_Test.WAddictionsTest<br>Parameters: Tobacco, No, 6, 10, occasional, 2</td>
<td></td>
<td>5</td>
<td>com_Milan_Test.WAddictionsTest@78a773fd</td></tr>
<tr>
<td title='com_Milan_Test.WAddictionsTest.saveAdictionsTest()'><b>saveAdictionsTest</b><br>Test class: com_Milan_Test.WAddictionsTest<br>Parameters: Drug Addiction, Yes, 9, 15, Regular, 2</td>
<td></td>
<td>6</td>
<td>com_Milan_Test.WAddictionsTest@78a773fd</td></tr>
<tr>
<td title='com_Milan_Test.WAddictionsTest.saveAdictionsTest()'><b>saveAdictionsTest</b><br>Test class: com_Milan_Test.WAddictionsTest<br>Parameters: Caffeine Addiction, No, 11, 20, Irregular, 4</td>
<td></td>
<td>5</td>
<td>com_Milan_Test.WAddictionsTest@78a773fd</td></tr>
<tr>
<td title='com_Milan_Test.WomenHistoryPageTest.socialHistoryTest()'><b>socialHistoryTest</b><br>Test class: com_Milan_Test.WomenHistoryPageTest</td>
<td></td>
<td>0</td>
<td>com_Milan_Test.WomenHistoryPageTest@421e361</td></tr>
<tr>
<td title='com_Milan_Test.WSexsualHistoryTest.testRelationtlists()'><b>testRelationtlists</b><br>Test class: com_Milan_Test.WSexsualHistoryTest</td>
<td></td>
<td>0</td>
<td>com_Milan_Test.WSexsualHistoryTest@389c4eb1</td></tr>
<tr>
<td title='com_Milan_Test.WSexsualHistoryTest.textboxSexualDysfunctionTest()'><b>textboxSexualDysfunctionTest</b><br>Test class: com_Milan_Test.WSexsualHistoryTest</td>
<td></td>
<td>0</td>
<td>com_Milan_Test.WSexsualHistoryTest@389c4eb1</td></tr>
</table><p>
<table width='100%' border='1' class='invocation-skipped'>
<tr><td colspan='4' align='center'><b>SKIPPED TESTS</b></td></tr>
<tr><td><b>Test method</b></td>
<td width="30%"><b>Exception</b></td>
<td width="10%"><b>Time (seconds)</b></td>
<td><b>Instance</b></td>
</tr>
<tr>
<td title='com_Milan_Test.CycleListPageTest.LMPDateTest()'><b>LMPDateTest</b><br>Test class: com_Milan_Test.CycleListPageTest</td>
<td><div><pre>java.lang.AssertionError: expected [] but found [07-Sep-2018]
	at com_Milan_Test.CycleListPageTest.LMPDateTest(CycleListPageTest.java:326)
... Removed 31 stack frames</pre></div><a href='#' onClick='toggleBox("stack-trace2027116430", this, "Click to show all stack frames", "Click to hide stack frames")'>Click to show all stack frames</a>
<div class='stack-trace' id='stack-trace2027116430'><pre>java.lang.AssertionError: expected [] but found [07-Sep-2018]
	at org.testng.Assert.fail(Assert.java:93)
	at org.testng.Assert.failNotEquals(Assert.java:512)
	at org.testng.Assert.assertEqualsImpl(Assert.java:134)
	at org.testng.Assert.assertEquals(Assert.java:115)
	at org.testng.Assert.assertEquals(Assert.java:189)
	at org.testng.Assert.assertEquals(Assert.java:199)
	at com_Milan_Test.CycleListPageTest.LMPDateTest(CycleListPageTest.java:326)
	at sun.reflect.NativeMethodAccessorImpl.invoke0(Native Method)
	at sun.reflect.NativeMethodAccessorImpl.invoke(NativeMethodAccessorImpl.java:62)
	at sun.reflect.DelegatingMethodAccessorImpl.invoke(DelegatingMethodAccessorImpl.java:43)
	at java.lang.reflect.Method.invoke(Method.java:498)
	at org.testng.internal.MethodInvocationHelper.invokeMethod(MethodInvocationHelper.java:108)
	at org.testng.internal.Invoker.invokeMethod(Invoker.java:661)
	at org.testng.internal.Invoker.invokeTestMethod(Invoker.java:869)
	at org.testng.internal.Invoker.invokeTestMethods(Invoker.java:1193)
	at org.testng.internal.TestMethodWorker.invokeTestMethods(TestMethodWorker.java:126)
	at org.testng.internal.TestMethodWorker.run(TestMethodWorker.java:109)
	at org.testng.TestRunner.privateRun(TestRunner.java:744)
	at org.testng.TestRunner.run(TestRunner.java:602)
	at org.testng.SuiteRunner.runTest(SuiteRunner.java:380)
	at org.testng.SuiteRunner.runSequentially(SuiteRunner.java:375)
	at org.testng.SuiteRunner.privateRun(SuiteRunner.java:340)
	at org.testng.SuiteRunner.run(SuiteRunner.java:289)
	at org.testng.SuiteRunnerWorker.runSuite(SuiteRunnerWorker.java:52)
	at org.testng.SuiteRunnerWorker.run(SuiteRunnerWorker.java:86)
	at org.testng.TestNG.runSuitesSequentially(TestNG.java:1301)
	at org.testng.TestNG.runSuitesLocally(TestNG.java:1226)
	at org.testng.TestNG.runSuites(TestNG.java:1144)
	at org.testng.TestNG.run(TestNG.java:1115)
	at org.testng.remote.AbstractRemoteTestNG.run(AbstractRemoteTestNG.java:114)
	at org.testng.remote.RemoteTestNG.initAndRun(RemoteTestNG.java:251)
	at org.testng.remote.RemoteTestNG.main(RemoteTestNG.java:77)
</pre></div></td>
<td>4</td>
<td>com_Milan_Test.CycleListPageTest@16aa8654</td></tr>
<tr>
<td title='com_Milan_Test.CycleListPageTest.MethodOfSemenCollectionTest()'><b>MethodOfSemenCollectionTest</b><br>Test class: com_Milan_Test.CycleListPageTest</td>
<td><div><pre>org.openqa.selenium.NoSuchElementException: no such element: Unable to locate element: {&quot;method&quot;:&quot;xpath&quot;,&quot;selector&quot;:&quot;(//select[@class=&apos;form-control ng-pristine ng-untouched ng-valid ng-not-empty&apos;])[3]&quot;}
  (Session info: chrome=69.0.3497.81)
  (Driver info: chromedriver=2.41.578737 (49da6702b16031c40d63e5618de03a32ff6c197e),platform=Windows NT 6.3.9600 x86_64) (WARNING: The server did not provide any stacktrace information)
Command duration or timeout: 0 milliseconds
For documentation on this error, please visit: http://seleniumhq.org/exceptions/no_such_element.html
Build info: version: &apos;3.5.3&apos;, revision: &apos;a88d25fe6b&apos;, time: &apos;2017-08-29T12:42:44.417Z&apos;
System info: host: &apos;IVF111&apos;, ip: &apos;192.168.1.56&apos;, os.name: &apos;Windows 8.1&apos;, os.arch: &apos;amd64&apos;, os.version: &apos;6.3&apos;, java.version: &apos;1.8.0_161&apos;
Driver info: org.openqa.selenium.chrome.ChromeDriver
Capabilities [{mobileEmulationEnabled=false, hasTouchScreen=false, platform=WIN8_1, acceptSslCerts=false, goog:chromeOptions={debuggerAddress=localhost:58135}, acceptInsecureCerts=false, webStorageEnabled=true, browserName=chrome, takesScreenshot=true, javascriptEnabled=true, platformName=WIN8_1, setWindowRect=true, unexpectedAlertBehaviour=, applicationCacheEnabled=false, rotatable=false, networkConnectionEnabled=false, chrome={chromedriverVersion=2.41.578737 (49da6702b16031c40d63e5618de03a32ff6c197e), userDataDir=C:\Users\paragb\AppData\Local\Temp\scoped_dir10888_11278}, takesHeapSnapshot=true, unhandledPromptBehavior=, pageLoadStrategy=normal, databaseEnabled=false, handlesAlerts=true, version=69.0.3497.81, browserConnectionEnabled=false, nativeEvents=true, locationContextEnabled=true, cssSelectorsEnabled=true}]
Session ID: af2ee2184a2a9fa939f9601878466f6a
*** Element info: {Using=xpath, value=(//select[@class=&apos;form-control ng-pristine ng-untouched ng-valid ng-not-empty&apos;])[3]}
	at org.openqa.selenium.remote.ErrorHandler.createThrowable(ErrorHandler.java:215)
	at org.openqa.selenium.remote.ErrorHandler.throwIfResponseFailed(ErrorHandler.java:167)
	at org.openqa.selenium.remote.http.JsonHttpResponseCodec.reconstructValue(JsonHttpResponseCodec.java:40)
	at org.openqa.selenium.remote.http.AbstractHttpResponseCodec.decode(AbstractHttpResponseCodec.java:82)
	at org.openqa.selenium.remote.http.AbstractHttpResponseCodec.decode(AbstractHttpResponseCodec.java:45)
	at org.openqa.selenium.remote.HttpCommandExecutor.execute(HttpCommandExecutor.java:164)
	at org.openqa.selenium.remote.service.DriverCommandExecutor.execute(DriverCommandExecutor.java:82)
	at org.openqa.selenium.remote.RemoteWebDriver.execute(RemoteWebDriver.java:646)
	at org.openqa.selenium.remote.RemoteWebDriver.findElement(RemoteWebDriver.java:416)
	at org.openqa.selenium.remote.RemoteWebDriver.findElementByXPath(RemoteWebDriver.java:518)
	at org.openqa.selenium.By$ByXPath.findElement(By.java:361)
	at org.openqa.selenium.remote.RemoteWebDriver.findElement(RemoteWebDriver.java:408)
	at org.openqa.selenium.support.events.EventFiringWebDriver$2.invoke(EventFiringWebDriver.java:105)
	at com.sun.proxy.$Proxy10.findElement(Unknown Source)
	at org.openqa.selenium.support.events.EventFiringWebDriver.findElement(EventFiringWebDriver.java:189)
	at org.openqa.selenium.support.pagefactory.DefaultElementLocator.findElement(DefaultElementLocator.java:69)
	at org.openqa.selenium.support.pagefactory.internal.LocatingElementHandler.invoke(LocatingElementHandler.java:38)
	at com.sun.proxy.$Proxy14.getCoordinates(Unknown Source)
	at org.openqa.selenium.interactions.internal.MouseAction.getActionLocation(MouseAction.java:67)
	at org.openqa.selenium.interactions.MoveMouseAction.perform(MoveMouseAction.java:43)
	at org.openqa.selenium.interactions.CompositeAction.perform(CompositeAction.java:36)
	at org.openqa.selenium.interactions.Actions$BuiltAction.perform(Actions.java:641)
	at org.openqa.selenium.interactions.Actions.perform(Actions.java:594)
	at com_milan_POM.CycleListPage.MethodofSemenCollection(CycleListPage.java:297)
	at com_Milan_Test.CycleListPageTest.MethodOfSemenCollectionTest(CycleListPageTest.java:222)
... Removed 32 stack frames</pre></div><a href='#' onClick='toggleBox("stack-trace671206579", this, "Click to show all stack frames", "Click to hide stack frames")'>Click to show all stack frames</a>
<div class='stack-trace' id='stack-trace671206579'><pre>org.openqa.selenium.NoSuchElementException: no such element: Unable to locate element: {&quot;method&quot;:&quot;xpath&quot;,&quot;selector&quot;:&quot;(//select[@class=&apos;form-control ng-pristine ng-untouched ng-valid ng-not-empty&apos;])[3]&quot;}
  (Session info: chrome=69.0.3497.81)
  (Driver info: chromedriver=2.41.578737 (49da6702b16031c40d63e5618de03a32ff6c197e),platform=Windows NT 6.3.9600 x86_64) (WARNING: The server did not provide any stacktrace information)
Command duration or timeout: 0 milliseconds
For documentation on this error, please visit: http://seleniumhq.org/exceptions/no_such_element.html
Build info: version: &apos;3.5.3&apos;, revision: &apos;a88d25fe6b&apos;, time: &apos;2017-08-29T12:42:44.417Z&apos;
System info: host: &apos;IVF111&apos;, ip: &apos;192.168.1.56&apos;, os.name: &apos;Windows 8.1&apos;, os.arch: &apos;amd64&apos;, os.version: &apos;6.3&apos;, java.version: &apos;1.8.0_161&apos;
Driver info: org.openqa.selenium.chrome.ChromeDriver
Capabilities [{mobileEmulationEnabled=false, hasTouchScreen=false, platform=WIN8_1, acceptSslCerts=false, goog:chromeOptions={debuggerAddress=localhost:58135}, acceptInsecureCerts=false, webStorageEnabled=true, browserName=chrome, takesScreenshot=true, javascriptEnabled=true, platformName=WIN8_1, setWindowRect=true, unexpectedAlertBehaviour=, applicationCacheEnabled=false, rotatable=false, networkConnectionEnabled=false, chrome={chromedriverVersion=2.41.578737 (49da6702b16031c40d63e5618de03a32ff6c197e), userDataDir=C:\Users\paragb\AppData\Local\Temp\scoped_dir10888_11278}, takesHeapSnapshot=true, unhandledPromptBehavior=, pageLoadStrategy=normal, databaseEnabled=false, handlesAlerts=true, version=69.0.3497.81, browserConnectionEnabled=false, nativeEvents=true, locationContextEnabled=true, cssSelectorsEnabled=true}]
Session ID: af2ee2184a2a9fa939f9601878466f6a
*** Element info: {Using=xpath, value=(//select[@class=&apos;form-control ng-pristine ng-untouched ng-valid ng-not-empty&apos;])[3]}
	at sun.reflect.NativeConstructorAccessorImpl.newInstance0(Native Method)
	at sun.reflect.NativeConstructorAccessorImpl.newInstance(NativeConstructorAccessorImpl.java:62)
	at sun.reflect.DelegatingConstructorAccessorImpl.newInstance(DelegatingConstructorAccessorImpl.java:45)
	at java.lang.reflect.Constructor.newInstance(Constructor.java:423)
	at org.openqa.selenium.remote.ErrorHandler.createThrowable(ErrorHandler.java:215)
	at org.openqa.selenium.remote.ErrorHandler.throwIfResponseFailed(ErrorHandler.java:167)
	at org.openqa.selenium.remote.http.JsonHttpResponseCodec.reconstructValue(JsonHttpResponseCodec.java:40)
	at org.openqa.selenium.remote.http.AbstractHttpResponseCodec.decode(AbstractHttpResponseCodec.java:82)
	at org.openqa.selenium.remote.http.AbstractHttpResponseCodec.decode(AbstractHttpResponseCodec.java:45)
	at org.openqa.selenium.remote.HttpCommandExecutor.execute(HttpCommandExecutor.java:164)
	at org.openqa.selenium.remote.service.DriverCommandExecutor.execute(DriverCommandExecutor.java:82)
	at org.openqa.selenium.remote.RemoteWebDriver.execute(RemoteWebDriver.java:646)
	at org.openqa.selenium.remote.RemoteWebDriver.findElement(RemoteWebDriver.java:416)
	at org.openqa.selenium.remote.RemoteWebDriver.findElementByXPath(RemoteWebDriver.java:518)
	at org.openqa.selenium.By$ByXPath.findElement(By.java:361)
	at org.openqa.selenium.remote.RemoteWebDriver.findElement(RemoteWebDriver.java:408)
	at sun.reflect.GeneratedMethodAccessor5.invoke(Unknown Source)
	at sun.reflect.DelegatingMethodAccessorImpl.invoke(DelegatingMethodAccessorImpl.java:43)
	at java.lang.reflect.Method.invoke(Method.java:498)
	at org.openqa.selenium.support.events.EventFiringWebDriver$2.invoke(EventFiringWebDriver.java:105)
	at com.sun.proxy.$Proxy10.findElement(Unknown Source)
	at org.openqa.selenium.support.events.EventFiringWebDriver.findElement(EventFiringWebDriver.java:189)
	at org.openqa.selenium.support.pagefactory.DefaultElementLocator.findElement(DefaultElementLocator.java:69)
	at org.openqa.selenium.support.pagefactory.internal.LocatingElementHandler.invoke(LocatingElementHandler.java:38)
	at com.sun.proxy.$Proxy14.getCoordinates(Unknown Source)
	at org.openqa.selenium.interactions.internal.MouseAction.getActionLocation(MouseAction.java:67)
	at org.openqa.selenium.interactions.MoveMouseAction.perform(MoveMouseAction.java:43)
	at org.openqa.selenium.interactions.CompositeAction.perform(CompositeAction.java:36)
	at org.openqa.selenium.interactions.Actions$BuiltAction.perform(Actions.java:641)
	at org.openqa.selenium.interactions.Actions.perform(Actions.java:594)
	at com_milan_POM.CycleListPage.MethodofSemenCollection(CycleListPage.java:297)
	at com_Milan_Test.CycleListPageTest.MethodOfSemenCollectionTest(CycleListPageTest.java:222)
	at sun.reflect.NativeMethodAccessorImpl.invoke0(Native Method)
	at sun.reflect.NativeMethodAccessorImpl.invoke(NativeMethodAccessorImpl.java:62)
	at sun.reflect.DelegatingMethodAccessorImpl.invoke(DelegatingMethodAccessorImpl.java:43)
	at java.lang.reflect.Method.invoke(Method.java:498)
	at org.testng.internal.MethodInvocationHelper.invokeMethod(MethodInvocationHelper.java:108)
	at org.testng.internal.Invoker.invokeMethod(Invoker.java:661)
	at org.testng.internal.Invoker.invokeTestMethod(Invoker.java:869)
	at org.testng.internal.Invoker.invokeTestMethods(Invoker.java:1193)
	at org.testng.internal.TestMethodWorker.invokeTestMethods(TestMethodWorker.java:126)
	at org.testng.internal.TestMethodWorker.run(TestMethodWorker.java:109)
	at org.testng.TestRunner.privateRun(TestRunner.java:744)
	at org.testng.TestRunner.run(TestRunner.java:602)
	at org.testng.SuiteRunner.runTest(SuiteRunner.java:380)
	at org.testng.SuiteRunner.runSequentially(SuiteRunner.java:375)
	at org.testng.SuiteRunner.privateRun(SuiteRunner.java:340)
	at org.testng.SuiteRunner.run(SuiteRunner.java:289)
	at org.testng.SuiteRunnerWorker.runSuite(SuiteRunnerWorker.java:52)
	at org.testng.SuiteRunnerWorker.run(SuiteRunnerWorker.java:86)
	at org.testng.TestNG.runSuitesSequentially(TestNG.java:1301)
	at org.testng.TestNG.runSuitesLocally(TestNG.java:1226)
	at org.testng.TestNG.runSuites(TestNG.java:1144)
	at org.testng.TestNG.run(TestNG.java:1115)
	at org.testng.remote.AbstractRemoteTestNG.run(AbstractRemoteTestNG.java:114)
	at org.testng.remote.RemoteTestNG.initAndRun(RemoteTestNG.java:251)
	at org.testng.remote.RemoteTestNG.main(RemoteTestNG.java:77)
</pre></div></td>
<td>31</td>
<td>com_Milan_Test.CycleListPageTest@16aa8654</td></tr>
<tr>
<td title='com_Milan_Test.CycleListPageTest.MethodOfSemenCollectionTest()'><b>MethodOfSemenCollectionTest</b><br>Test class: com_Milan_Test.CycleListPageTest</td>
<td><div><pre>org.openqa.selenium.NoSuchElementException: no such element: Unable to locate element: {&quot;method&quot;:&quot;xpath&quot;,&quot;selector&quot;:&quot;(//select[@class=&apos;form-control ng-pristine ng-untouched ng-valid ng-not-empty&apos;])[3]&quot;}
  (Session info: chrome=69.0.3497.81)
  (Driver info: chromedriver=2.41.578737 (49da6702b16031c40d63e5618de03a32ff6c197e),platform=Windows NT 6.3.9600 x86_64) (WARNING: The server did not provide any stacktrace information)
Command duration or timeout: 0 milliseconds
For documentation on this error, please visit: http://seleniumhq.org/exceptions/no_such_element.html
Build info: version: &apos;3.5.3&apos;, revision: &apos;a88d25fe6b&apos;, time: &apos;2017-08-29T12:42:44.417Z&apos;
System info: host: &apos;IVF111&apos;, ip: &apos;192.168.1.56&apos;, os.name: &apos;Windows 8.1&apos;, os.arch: &apos;amd64&apos;, os.version: &apos;6.3&apos;, java.version: &apos;1.8.0_161&apos;
Driver info: org.openqa.selenium.chrome.ChromeDriver
Capabilities [{mobileEmulationEnabled=false, hasTouchScreen=false, platform=WIN8_1, acceptSslCerts=false, goog:chromeOptions={debuggerAddress=localhost:58292}, acceptInsecureCerts=false, webStorageEnabled=true, browserName=chrome, takesScreenshot=true, javascriptEnabled=true, platformName=WIN8_1, setWindowRect=true, unexpectedAlertBehaviour=, applicationCacheEnabled=false, rotatable=false, networkConnectionEnabled=false, chrome={chromedriverVersion=2.41.578737 (49da6702b16031c40d63e5618de03a32ff6c197e), userDataDir=C:\Users\paragb\AppData\Local\Temp\scoped_dir20908_15993}, takesHeapSnapshot=true, unhandledPromptBehavior=, pageLoadStrategy=normal, databaseEnabled=false, handlesAlerts=true, version=69.0.3497.81, browserConnectionEnabled=false, nativeEvents=true, locationContextEnabled=true, cssSelectorsEnabled=true}]
Session ID: 0f7e740f6b42be9eee2a8212b2790671
*** Element info: {Using=xpath, value=(//select[@class=&apos;form-control ng-pristine ng-untouched ng-valid ng-not-empty&apos;])[3]}
	at org.openqa.selenium.remote.ErrorHandler.createThrowable(ErrorHandler.java:215)
	at org.openqa.selenium.remote.ErrorHandler.throwIfResponseFailed(ErrorHandler.java:167)
	at org.openqa.selenium.remote.http.JsonHttpResponseCodec.reconstructValue(JsonHttpResponseCodec.java:40)
	at org.openqa.selenium.remote.http.AbstractHttpResponseCodec.decode(AbstractHttpResponseCodec.java:82)
	at org.openqa.selenium.remote.http.AbstractHttpResponseCodec.decode(AbstractHttpResponseCodec.java:45)
	at org.openqa.selenium.remote.HttpCommandExecutor.execute(HttpCommandExecutor.java:164)
	at org.openqa.selenium.remote.service.DriverCommandExecutor.execute(DriverCommandExecutor.java:82)
	at org.openqa.selenium.remote.RemoteWebDriver.execute(RemoteWebDriver.java:646)
	at org.openqa.selenium.remote.RemoteWebDriver.findElement(RemoteWebDriver.java:416)
	at org.openqa.selenium.remote.RemoteWebDriver.findElementByXPath(RemoteWebDriver.java:518)
	at org.openqa.selenium.By$ByXPath.findElement(By.java:361)
	at org.openqa.selenium.remote.RemoteWebDriver.findElement(RemoteWebDriver.java:408)
	at org.openqa.selenium.support.events.EventFiringWebDriver$2.invoke(EventFiringWebDriver.java:105)
	at com.sun.proxy.$Proxy10.findElement(Unknown Source)
	at org.openqa.selenium.support.events.EventFiringWebDriver.findElement(EventFiringWebDriver.java:189)
	at org.openqa.selenium.support.pagefactory.DefaultElementLocator.findElement(DefaultElementLocator.java:69)
	at org.openqa.selenium.support.pagefactory.internal.LocatingElementHandler.invoke(LocatingElementHandler.java:38)
	at com.sun.proxy.$Proxy14.getCoordinates(Unknown Source)
	at org.openqa.selenium.interactions.internal.MouseAction.getActionLocation(MouseAction.java:67)
	at org.openqa.selenium.interactions.MoveMouseAction.perform(MoveMouseAction.java:43)
	at org.openqa.selenium.interactions.CompositeAction.perform(CompositeAction.java:36)
	at org.openqa.selenium.interactions.Actions$BuiltAction.perform(Actions.java:641)
	at org.openqa.selenium.interactions.Actions.perform(Actions.java:594)
	at com_milan_POM.CycleListPage.MethodofSemenCollection(CycleListPage.java:297)
	at com_Milan_Test.CycleListPageTest.MethodOfSemenCollectionTest(CycleListPageTest.java:222)
... Removed 32 stack frames</pre></div><a href='#' onClick='toggleBox("stack-trace179672397", this, "Click to show all stack frames", "Click to hide stack frames")'>Click to show all stack frames</a>
<div class='stack-trace' id='stack-trace179672397'><pre>org.openqa.selenium.NoSuchElementException: no such element: Unable to locate element: {&quot;method&quot;:&quot;xpath&quot;,&quot;selector&quot;:&quot;(//select[@class=&apos;form-control ng-pristine ng-untouched ng-valid ng-not-empty&apos;])[3]&quot;}
  (Session info: chrome=69.0.3497.81)
  (Driver info: chromedriver=2.41.578737 (49da6702b16031c40d63e5618de03a32ff6c197e),platform=Windows NT 6.3.9600 x86_64) (WARNING: The server did not provide any stacktrace information)
Command duration or timeout: 0 milliseconds
For documentation on this error, please visit: http://seleniumhq.org/exceptions/no_such_element.html
Build info: version: &apos;3.5.3&apos;, revision: &apos;a88d25fe6b&apos;, time: &apos;2017-08-29T12:42:44.417Z&apos;
System info: host: &apos;IVF111&apos;, ip: &apos;192.168.1.56&apos;, os.name: &apos;Windows 8.1&apos;, os.arch: &apos;amd64&apos;, os.version: &apos;6.3&apos;, java.version: &apos;1.8.0_161&apos;
Driver info: org.openqa.selenium.chrome.ChromeDriver
Capabilities [{mobileEmulationEnabled=false, hasTouchScreen=false, platform=WIN8_1, acceptSslCerts=false, goog:chromeOptions={debuggerAddress=localhost:58292}, acceptInsecureCerts=false, webStorageEnabled=true, browserName=chrome, takesScreenshot=true, javascriptEnabled=true, platformName=WIN8_1, setWindowRect=true, unexpectedAlertBehaviour=, applicationCacheEnabled=false, rotatable=false, networkConnectionEnabled=false, chrome={chromedriverVersion=2.41.578737 (49da6702b16031c40d63e5618de03a32ff6c197e), userDataDir=C:\Users\paragb\AppData\Local\Temp\scoped_dir20908_15993}, takesHeapSnapshot=true, unhandledPromptBehavior=, pageLoadStrategy=normal, databaseEnabled=false, handlesAlerts=true, version=69.0.3497.81, browserConnectionEnabled=false, nativeEvents=true, locationContextEnabled=true, cssSelectorsEnabled=true}]
Session ID: 0f7e740f6b42be9eee2a8212b2790671
*** Element info: {Using=xpath, value=(//select[@class=&apos;form-control ng-pristine ng-untouched ng-valid ng-not-empty&apos;])[3]}
	at sun.reflect.NativeConstructorAccessorImpl.newInstance0(Native Method)
	at sun.reflect.NativeConstructorAccessorImpl.newInstance(NativeConstructorAccessorImpl.java:62)
	at sun.reflect.DelegatingConstructorAccessorImpl.newInstance(DelegatingConstructorAccessorImpl.java:45)
	at java.lang.reflect.Constructor.newInstance(Constructor.java:423)
	at org.openqa.selenium.remote.ErrorHandler.createThrowable(ErrorHandler.java:215)
	at org.openqa.selenium.remote.ErrorHandler.throwIfResponseFailed(ErrorHandler.java:167)
	at org.openqa.selenium.remote.http.JsonHttpResponseCodec.reconstructValue(JsonHttpResponseCodec.java:40)
	at org.openqa.selenium.remote.http.AbstractHttpResponseCodec.decode(AbstractHttpResponseCodec.java:82)
	at org.openqa.selenium.remote.http.AbstractHttpResponseCodec.decode(AbstractHttpResponseCodec.java:45)
	at org.openqa.selenium.remote.HttpCommandExecutor.execute(HttpCommandExecutor.java:164)
	at org.openqa.selenium.remote.service.DriverCommandExecutor.execute(DriverCommandExecutor.java:82)
	at org.openqa.selenium.remote.RemoteWebDriver.execute(RemoteWebDriver.java:646)
	at org.openqa.selenium.remote.RemoteWebDriver.findElement(RemoteWebDriver.java:416)
	at org.openqa.selenium.remote.RemoteWebDriver.findElementByXPath(RemoteWebDriver.java:518)
	at org.openqa.selenium.By$ByXPath.findElement(By.java:361)
	at org.openqa.selenium.remote.RemoteWebDriver.findElement(RemoteWebDriver.java:408)
	at sun.reflect.GeneratedMethodAccessor5.invoke(Unknown Source)
	at sun.reflect.DelegatingMethodAccessorImpl.invoke(DelegatingMethodAccessorImpl.java:43)
	at java.lang.reflect.Method.invoke(Method.java:498)
	at org.openqa.selenium.support.events.EventFiringWebDriver$2.invoke(EventFiringWebDriver.java:105)
	at com.sun.proxy.$Proxy10.findElement(Unknown Source)
	at org.openqa.selenium.support.events.EventFiringWebDriver.findElement(EventFiringWebDriver.java:189)
	at org.openqa.selenium.support.pagefactory.DefaultElementLocator.findElement(DefaultElementLocator.java:69)
	at org.openqa.selenium.support.pagefactory.internal.LocatingElementHandler.invoke(LocatingElementHandler.java:38)
	at com.sun.proxy.$Proxy14.getCoordinates(Unknown Source)
	at org.openqa.selenium.interactions.internal.MouseAction.getActionLocation(MouseAction.java:67)
	at org.openqa.selenium.interactions.MoveMouseAction.perform(MoveMouseAction.java:43)
	at org.openqa.selenium.interactions.CompositeAction.perform(CompositeAction.java:36)
	at org.openqa.selenium.interactions.Actions$BuiltAction.perform(Actions.java:641)
	at org.openqa.selenium.interactions.Actions.perform(Actions.java:594)
	at com_milan_POM.CycleListPage.MethodofSemenCollection(CycleListPage.java:297)
	at com_Milan_Test.CycleListPageTest.MethodOfSemenCollectionTest(CycleListPageTest.java:222)
	at sun.reflect.NativeMethodAccessorImpl.invoke0(Native Method)
	at sun.reflect.NativeMethodAccessorImpl.invoke(NativeMethodAccessorImpl.java:62)
	at sun.reflect.DelegatingMethodAccessorImpl.invoke(DelegatingMethodAccessorImpl.java:43)
	at java.lang.reflect.Method.invoke(Method.java:498)
	at org.testng.internal.MethodInvocationHelper.invokeMethod(MethodInvocationHelper.java:108)
	at org.testng.internal.Invoker.invokeMethod(Invoker.java:661)
	at org.testng.internal.Invoker.retryFailed(Invoker.java:1014)
	at org.testng.internal.Invoker.invokeTestMethods(Invoker.java:1215)
	at org.testng.internal.TestMethodWorker.invokeTestMethods(TestMethodWorker.java:126)
	at org.testng.internal.TestMethodWorker.run(TestMethodWorker.java:109)
	at org.testng.TestRunner.privateRun(TestRunner.java:744)
	at org.testng.TestRunner.run(TestRunner.java:602)
	at org.testng.SuiteRunner.runTest(SuiteRunner.java:380)
	at org.testng.SuiteRunner.runSequentially(SuiteRunner.java:375)
	at org.testng.SuiteRunner.privateRun(SuiteRunner.java:340)
	at org.testng.SuiteRunner.run(SuiteRunner.java:289)
	at org.testng.SuiteRunnerWorker.runSuite(SuiteRunnerWorker.java:52)
	at org.testng.SuiteRunnerWorker.run(SuiteRunnerWorker.java:86)
	at org.testng.TestNG.runSuitesSequentially(TestNG.java:1301)
	at org.testng.TestNG.runSuitesLocally(TestNG.java:1226)
	at org.testng.TestNG.runSuites(TestNG.java:1144)
	at org.testng.TestNG.run(TestNG.java:1115)
	at org.testng.remote.AbstractRemoteTestNG.run(AbstractRemoteTestNG.java:114)
	at org.testng.remote.RemoteTestNG.initAndRun(RemoteTestNG.java:251)
	at org.testng.remote.RemoteTestNG.main(RemoteTestNG.java:77)
</pre></div></td>
<td>31</td>
<td>com_Milan_Test.CycleListPageTest@16aa8654</td></tr>
<tr>
<td title='com_Milan_Test.CycleListPageTest.MethodOfSemenCollectionTest()'><b>MethodOfSemenCollectionTest</b><br>Test class: com_Milan_Test.CycleListPageTest</td>
<td><div><pre>org.openqa.selenium.NoSuchElementException: no such element: Unable to locate element: {&quot;method&quot;:&quot;xpath&quot;,&quot;selector&quot;:&quot;(//select[@class=&apos;form-control ng-pristine ng-untouched ng-valid ng-not-empty&apos;])[3]&quot;}
  (Session info: chrome=69.0.3497.81)
  (Driver info: chromedriver=2.41.578737 (49da6702b16031c40d63e5618de03a32ff6c197e),platform=Windows NT 6.3.9600 x86_64) (WARNING: The server did not provide any stacktrace information)
Command duration or timeout: 0 milliseconds
For documentation on this error, please visit: http://seleniumhq.org/exceptions/no_such_element.html
Build info: version: &apos;3.5.3&apos;, revision: &apos;a88d25fe6b&apos;, time: &apos;2017-08-29T12:42:44.417Z&apos;
System info: host: &apos;IVF111&apos;, ip: &apos;192.168.1.56&apos;, os.name: &apos;Windows 8.1&apos;, os.arch: &apos;amd64&apos;, os.version: &apos;6.3&apos;, java.version: &apos;1.8.0_161&apos;
Driver info: org.openqa.selenium.chrome.ChromeDriver
Capabilities [{mobileEmulationEnabled=false, hasTouchScreen=false, platform=WIN8_1, acceptSslCerts=false, goog:chromeOptions={debuggerAddress=localhost:58445}, acceptInsecureCerts=false, webStorageEnabled=true, browserName=chrome, takesScreenshot=true, javascriptEnabled=true, platformName=WIN8_1, setWindowRect=true, unexpectedAlertBehaviour=, applicationCacheEnabled=false, rotatable=false, networkConnectionEnabled=false, chrome={chromedriverVersion=2.41.578737 (49da6702b16031c40d63e5618de03a32ff6c197e), userDataDir=C:\Users\paragb\AppData\Local\Temp\scoped_dir21920_17904}, takesHeapSnapshot=true, unhandledPromptBehavior=, pageLoadStrategy=normal, databaseEnabled=false, handlesAlerts=true, version=69.0.3497.81, browserConnectionEnabled=false, nativeEvents=true, locationContextEnabled=true, cssSelectorsEnabled=true}]
Session ID: 0093b02eb37382c90dc506c52bf6ef01
*** Element info: {Using=xpath, value=(//select[@class=&apos;form-control ng-pristine ng-untouched ng-valid ng-not-empty&apos;])[3]}
	at org.openqa.selenium.remote.ErrorHandler.createThrowable(ErrorHandler.java:215)
	at org.openqa.selenium.remote.ErrorHandler.throwIfResponseFailed(ErrorHandler.java:167)
	at org.openqa.selenium.remote.http.JsonHttpResponseCodec.reconstructValue(JsonHttpResponseCodec.java:40)
	at org.openqa.selenium.remote.http.AbstractHttpResponseCodec.decode(AbstractHttpResponseCodec.java:82)
	at org.openqa.selenium.remote.http.AbstractHttpResponseCodec.decode(AbstractHttpResponseCodec.java:45)
	at org.openqa.selenium.remote.HttpCommandExecutor.execute(HttpCommandExecutor.java:164)
	at org.openqa.selenium.remote.service.DriverCommandExecutor.execute(DriverCommandExecutor.java:82)
	at org.openqa.selenium.remote.RemoteWebDriver.execute(RemoteWebDriver.java:646)
	at org.openqa.selenium.remote.RemoteWebDriver.findElement(RemoteWebDriver.java:416)
	at org.openqa.selenium.remote.RemoteWebDriver.findElementByXPath(RemoteWebDriver.java:518)
	at org.openqa.selenium.By$ByXPath.findElement(By.java:361)
	at org.openqa.selenium.remote.RemoteWebDriver.findElement(RemoteWebDriver.java:408)
	at org.openqa.selenium.support.events.EventFiringWebDriver$2.invoke(EventFiringWebDriver.java:105)
	at com.sun.proxy.$Proxy10.findElement(Unknown Source)
	at org.openqa.selenium.support.events.EventFiringWebDriver.findElement(EventFiringWebDriver.java:189)
	at org.openqa.selenium.support.pagefactory.DefaultElementLocator.findElement(DefaultElementLocator.java:69)
	at org.openqa.selenium.support.pagefactory.internal.LocatingElementHandler.invoke(LocatingElementHandler.java:38)
	at com.sun.proxy.$Proxy14.getCoordinates(Unknown Source)
	at org.openqa.selenium.interactions.internal.MouseAction.getActionLocation(MouseAction.java:67)
	at org.openqa.selenium.interactions.MoveMouseAction.perform(MoveMouseAction.java:43)
	at org.openqa.selenium.interactions.CompositeAction.perform(CompositeAction.java:36)
	at org.openqa.selenium.interactions.Actions$BuiltAction.perform(Actions.java:641)
	at org.openqa.selenium.interactions.Actions.perform(Actions.java:594)
	at com_milan_POM.CycleListPage.MethodofSemenCollection(CycleListPage.java:297)
	at com_Milan_Test.CycleListPageTest.MethodOfSemenCollectionTest(CycleListPageTest.java:222)
... Removed 32 stack frames</pre></div><a href='#' onClick='toggleBox("stack-trace1451290633", this, "Click to show all stack frames", "Click to hide stack frames")'>Click to show all stack frames</a>
<div class='stack-trace' id='stack-trace1451290633'><pre>org.openqa.selenium.NoSuchElementException: no such element: Unable to locate element: {&quot;method&quot;:&quot;xpath&quot;,&quot;selector&quot;:&quot;(//select[@class=&apos;form-control ng-pristine ng-untouched ng-valid ng-not-empty&apos;])[3]&quot;}
  (Session info: chrome=69.0.3497.81)
  (Driver info: chromedriver=2.41.578737 (49da6702b16031c40d63e5618de03a32ff6c197e),platform=Windows NT 6.3.9600 x86_64) (WARNING: The server did not provide any stacktrace information)
Command duration or timeout: 0 milliseconds
For documentation on this error, please visit: http://seleniumhq.org/exceptions/no_such_element.html
Build info: version: &apos;3.5.3&apos;, revision: &apos;a88d25fe6b&apos;, time: &apos;2017-08-29T12:42:44.417Z&apos;
System info: host: &apos;IVF111&apos;, ip: &apos;192.168.1.56&apos;, os.name: &apos;Windows 8.1&apos;, os.arch: &apos;amd64&apos;, os.version: &apos;6.3&apos;, java.version: &apos;1.8.0_161&apos;
Driver info: org.openqa.selenium.chrome.ChromeDriver
Capabilities [{mobileEmulationEnabled=false, hasTouchScreen=false, platform=WIN8_1, acceptSslCerts=false, goog:chromeOptions={debuggerAddress=localhost:58445}, acceptInsecureCerts=false, webStorageEnabled=true, browserName=chrome, takesScreenshot=true, javascriptEnabled=true, platformName=WIN8_1, setWindowRect=true, unexpectedAlertBehaviour=, applicationCacheEnabled=false, rotatable=false, networkConnectionEnabled=false, chrome={chromedriverVersion=2.41.578737 (49da6702b16031c40d63e5618de03a32ff6c197e), userDataDir=C:\Users\paragb\AppData\Local\Temp\scoped_dir21920_17904}, takesHeapSnapshot=true, unhandledPromptBehavior=, pageLoadStrategy=normal, databaseEnabled=false, handlesAlerts=true, version=69.0.3497.81, browserConnectionEnabled=false, nativeEvents=true, locationContextEnabled=true, cssSelectorsEnabled=true}]
Session ID: 0093b02eb37382c90dc506c52bf6ef01
*** Element info: {Using=xpath, value=(//select[@class=&apos;form-control ng-pristine ng-untouched ng-valid ng-not-empty&apos;])[3]}
	at sun.reflect.NativeConstructorAccessorImpl.newInstance0(Native Method)
	at sun.reflect.NativeConstructorAccessorImpl.newInstance(NativeConstructorAccessorImpl.java:62)
	at sun.reflect.DelegatingConstructorAccessorImpl.newInstance(DelegatingConstructorAccessorImpl.java:45)
	at java.lang.reflect.Constructor.newInstance(Constructor.java:423)
	at org.openqa.selenium.remote.ErrorHandler.createThrowable(ErrorHandler.java:215)
	at org.openqa.selenium.remote.ErrorHandler.throwIfResponseFailed(ErrorHandler.java:167)
	at org.openqa.selenium.remote.http.JsonHttpResponseCodec.reconstructValue(JsonHttpResponseCodec.java:40)
	at org.openqa.selenium.remote.http.AbstractHttpResponseCodec.decode(AbstractHttpResponseCodec.java:82)
	at org.openqa.selenium.remote.http.AbstractHttpResponseCodec.decode(AbstractHttpResponseCodec.java:45)
	at org.openqa.selenium.remote.HttpCommandExecutor.execute(HttpCommandExecutor.java:164)
	at org.openqa.selenium.remote.service.DriverCommandExecutor.execute(DriverCommandExecutor.java:82)
	at org.openqa.selenium.remote.RemoteWebDriver.execute(RemoteWebDriver.java:646)
	at org.openqa.selenium.remote.RemoteWebDriver.findElement(RemoteWebDriver.java:416)
	at org.openqa.selenium.remote.RemoteWebDriver.findElementByXPath(RemoteWebDriver.java:518)
	at org.openqa.selenium.By$ByXPath.findElement(By.java:361)
	at org.openqa.selenium.remote.RemoteWebDriver.findElement(RemoteWebDriver.java:408)
	at sun.reflect.GeneratedMethodAccessor5.invoke(Unknown Source)
	at sun.reflect.DelegatingMethodAccessorImpl.invoke(DelegatingMethodAccessorImpl.java:43)
	at java.lang.reflect.Method.invoke(Method.java:498)
	at org.openqa.selenium.support.events.EventFiringWebDriver$2.invoke(EventFiringWebDriver.java:105)
	at com.sun.proxy.$Proxy10.findElement(Unknown Source)
	at org.openqa.selenium.support.events.EventFiringWebDriver.findElement(EventFiringWebDriver.java:189)
	at org.openqa.selenium.support.pagefactory.DefaultElementLocator.findElement(DefaultElementLocator.java:69)
	at org.openqa.selenium.support.pagefactory.internal.LocatingElementHandler.invoke(LocatingElementHandler.java:38)
	at com.sun.proxy.$Proxy14.getCoordinates(Unknown Source)
	at org.openqa.selenium.interactions.internal.MouseAction.getActionLocation(MouseAction.java:67)
	at org.openqa.selenium.interactions.MoveMouseAction.perform(MoveMouseAction.java:43)
	at org.openqa.selenium.interactions.CompositeAction.perform(CompositeAction.java:36)
	at org.openqa.selenium.interactions.Actions$BuiltAction.perform(Actions.java:641)
	at org.openqa.selenium.interactions.Actions.perform(Actions.java:594)
	at com_milan_POM.CycleListPage.MethodofSemenCollection(CycleListPage.java:297)
	at com_Milan_Test.CycleListPageTest.MethodOfSemenCollectionTest(CycleListPageTest.java:222)
	at sun.reflect.NativeMethodAccessorImpl.invoke0(Native Method)
	at sun.reflect.NativeMethodAccessorImpl.invoke(NativeMethodAccessorImpl.java:62)
	at sun.reflect.DelegatingMethodAccessorImpl.invoke(DelegatingMethodAccessorImpl.java:43)
	at java.lang.reflect.Method.invoke(Method.java:498)
	at org.testng.internal.MethodInvocationHelper.invokeMethod(MethodInvocationHelper.java:108)
	at org.testng.internal.Invoker.invokeMethod(Invoker.java:661)
	at org.testng.internal.Invoker.retryFailed(Invoker.java:1014)
	at org.testng.internal.Invoker.invokeTestMethods(Invoker.java:1215)
	at org.testng.internal.TestMethodWorker.invokeTestMethods(TestMethodWorker.java:126)
	at org.testng.internal.TestMethodWorker.run(TestMethodWorker.java:109)
	at org.testng.TestRunner.privateRun(TestRunner.java:744)
	at org.testng.TestRunner.run(TestRunner.java:602)
	at org.testng.SuiteRunner.runTest(SuiteRunner.java:380)
	at org.testng.SuiteRunner.runSequentially(SuiteRunner.java:375)
	at org.testng.SuiteRunner.privateRun(SuiteRunner.java:340)
	at org.testng.SuiteRunner.run(SuiteRunner.java:289)
	at org.testng.SuiteRunnerWorker.runSuite(SuiteRunnerWorker.java:52)
	at org.testng.SuiteRunnerWorker.run(SuiteRunnerWorker.java:86)
	at org.testng.TestNG.runSuitesSequentially(TestNG.java:1301)
	at org.testng.TestNG.runSuitesLocally(TestNG.java:1226)
	at org.testng.TestNG.runSuites(TestNG.java:1144)
	at org.testng.TestNG.run(TestNG.java:1115)
	at org.testng.remote.AbstractRemoteTestNG.run(AbstractRemoteTestNG.java:114)
	at org.testng.remote.RemoteTestNG.initAndRun(RemoteTestNG.java:251)
	at org.testng.remote.RemoteTestNG.main(RemoteTestNG.java:77)
</pre></div></td>
<td>32</td>
<td>com_Milan_Test.CycleListPageTest@16aa8654</td></tr>
<tr>
<td title='com_Milan_Test.WcomplaintsTest.SaveTheComplaintsTest()'><b>SaveTheComplaintsTest</b><br>Test class: com_Milan_Test.WcomplaintsTest</td>
<td><div><pre>org.openqa.selenium.NoSuchElementException: Cannot locate element with text: Sudden
For documentation on this error, please visit: http://seleniumhq.org/exceptions/no_such_element.html
Build info: version: &apos;3.5.3&apos;, revision: &apos;a88d25fe6b&apos;, time: &apos;2017-08-29T12:42:44.417Z&apos;
System info: host: &apos;IVF111&apos;, ip: &apos;192.168.1.56&apos;, os.name: &apos;Windows 8.1&apos;, os.arch: &apos;amd64&apos;, os.version: &apos;6.3&apos;, java.version: &apos;1.8.0_161&apos;
Driver info: driver.version: unknown
	at org.openqa.selenium.support.ui.Select.selectByVisibleText(Select.java:151)
	at com_milan_POM.WComplaintsPage.ExistingPatientPresentingComplaints(WComplaintsPage.java:122)
	at com_milan_POM.WComplaintsPage.SaveTheComplaints(WComplaintsPage.java:398)
	at com_Milan_Test.WcomplaintsTest.SaveTheComplaintsTest(WcomplaintsTest.java:56)
... Removed 25 stack frames</pre></div><a href='#' onClick='toggleBox("stack-trace1985362663", this, "Click to show all stack frames", "Click to hide stack frames")'>Click to show all stack frames</a>
<div class='stack-trace' id='stack-trace1985362663'><pre>org.openqa.selenium.NoSuchElementException: Cannot locate element with text: Sudden
For documentation on this error, please visit: http://seleniumhq.org/exceptions/no_such_element.html
Build info: version: &apos;3.5.3&apos;, revision: &apos;a88d25fe6b&apos;, time: &apos;2017-08-29T12:42:44.417Z&apos;
System info: host: &apos;IVF111&apos;, ip: &apos;192.168.1.56&apos;, os.name: &apos;Windows 8.1&apos;, os.arch: &apos;amd64&apos;, os.version: &apos;6.3&apos;, java.version: &apos;1.8.0_161&apos;
Driver info: driver.version: unknown
	at org.openqa.selenium.support.ui.Select.selectByVisibleText(Select.java:151)
	at com_milan_POM.WComplaintsPage.ExistingPatientPresentingComplaints(WComplaintsPage.java:122)
	at com_milan_POM.WComplaintsPage.SaveTheComplaints(WComplaintsPage.java:398)
	at com_Milan_Test.WcomplaintsTest.SaveTheComplaintsTest(WcomplaintsTest.java:56)
	at sun.reflect.NativeMethodAccessorImpl.invoke0(Native Method)
	at sun.reflect.NativeMethodAccessorImpl.invoke(NativeMethodAccessorImpl.java:62)
	at sun.reflect.DelegatingMethodAccessorImpl.invoke(DelegatingMethodAccessorImpl.java:43)
	at java.lang.reflect.Method.invoke(Method.java:498)
	at org.testng.internal.MethodInvocationHelper.invokeMethod(MethodInvocationHelper.java:108)
	at org.testng.internal.Invoker.invokeMethod(Invoker.java:661)
	at org.testng.internal.Invoker.invokeTestMethod(Invoker.java:869)
	at org.testng.internal.Invoker.invokeTestMethods(Invoker.java:1193)
	at org.testng.internal.TestMethodWorker.invokeTestMethods(TestMethodWorker.java:126)
	at org.testng.internal.TestMethodWorker.run(TestMethodWorker.java:109)
	at org.testng.TestRunner.privateRun(TestRunner.java:744)
	at org.testng.TestRunner.run(TestRunner.java:602)
	at org.testng.SuiteRunner.runTest(SuiteRunner.java:380)
	at org.testng.SuiteRunner.runSequentially(SuiteRunner.java:375)
	at org.testng.SuiteRunner.privateRun(SuiteRunner.java:340)
	at org.testng.SuiteRunner.run(SuiteRunner.java:289)
	at org.testng.SuiteRunnerWorker.runSuite(SuiteRunnerWorker.java:52)
	at org.testng.SuiteRunnerWorker.run(SuiteRunnerWorker.java:86)
	at org.testng.TestNG.runSuitesSequentially(TestNG.java:1301)
	at org.testng.TestNG.runSuitesLocally(TestNG.java:1226)
	at org.testng.TestNG.runSuites(TestNG.java:1144)
	at org.testng.TestNG.run(TestNG.java:1115)
	at org.testng.remote.AbstractRemoteTestNG.run(AbstractRemoteTestNG.java:114)
	at org.testng.remote.RemoteTestNG.initAndRun(RemoteTestNG.java:251)
	at org.testng.remote.RemoteTestNG.main(RemoteTestNG.java:77)
</pre></div></td>
<td>31</td>
<td>com_Milan_Test.WcomplaintsTest@34f6515b</td></tr>
<tr>
<td title='com_Milan_Test.CycleListPageTest.SaveTheCycleTest()'><b>SaveTheCycleTest</b><br>Test class: com_Milan_Test.CycleListPageTest</td>
<td><div><pre>org.openqa.selenium.NoSuchElementException: no such element: Unable to locate element: {&quot;method&quot;:&quot;xpath&quot;,&quot;selector&quot;:&quot;//span[@class=&apos;toast-msg ng-binding ng-scope&apos;]&quot;}
  (Session info: chrome=69.0.3497.81)
  (Driver info: chromedriver=2.41.578737 (49da6702b16031c40d63e5618de03a32ff6c197e),platform=Windows NT 6.3.9600 x86_64) (WARNING: The server did not provide any stacktrace information)
Command duration or timeout: 0 milliseconds
For documentation on this error, please visit: http://seleniumhq.org/exceptions/no_such_element.html
Build info: version: &apos;3.5.3&apos;, revision: &apos;a88d25fe6b&apos;, time: &apos;2017-08-29T12:42:44.417Z&apos;
System info: host: &apos;IVF111&apos;, ip: &apos;192.168.1.56&apos;, os.name: &apos;Windows 8.1&apos;, os.arch: &apos;amd64&apos;, os.version: &apos;6.3&apos;, java.version: &apos;1.8.0_161&apos;
Driver info: org.openqa.selenium.chrome.ChromeDriver
Capabilities [{mobileEmulationEnabled=false, hasTouchScreen=false, platform=WIN8_1, acceptSslCerts=false, goog:chromeOptions={debuggerAddress=localhost:62285}, acceptInsecureCerts=false, webStorageEnabled=true, browserName=chrome, takesScreenshot=true, javascriptEnabled=true, platformName=WIN8_1, setWindowRect=true, unexpectedAlertBehaviour=, applicationCacheEnabled=false, rotatable=false, networkConnectionEnabled=false, chrome={chromedriverVersion=2.41.578737 (49da6702b16031c40d63e5618de03a32ff6c197e), userDataDir=C:\Users\paragb\AppData\Local\Temp\scoped_dir19372_2683}, takesHeapSnapshot=true, unhandledPromptBehavior=, pageLoadStrategy=normal, databaseEnabled=false, handlesAlerts=true, version=69.0.3497.81, browserConnectionEnabled=false, nativeEvents=true, locationContextEnabled=true, cssSelectorsEnabled=true}]
Session ID: 26d601db505fe1133265b7430811ae2b
*** Element info: {Using=xpath, value=//span[@class=&apos;toast-msg ng-binding ng-scope&apos;]}
	at org.openqa.selenium.remote.ErrorHandler.createThrowable(ErrorHandler.java:215)
	at org.openqa.selenium.remote.ErrorHandler.throwIfResponseFailed(ErrorHandler.java:167)
	at org.openqa.selenium.remote.http.JsonHttpResponseCodec.reconstructValue(JsonHttpResponseCodec.java:40)
	at org.openqa.selenium.remote.http.AbstractHttpResponseCodec.decode(AbstractHttpResponseCodec.java:82)
	at org.openqa.selenium.remote.http.AbstractHttpResponseCodec.decode(AbstractHttpResponseCodec.java:45)
	at org.openqa.selenium.remote.HttpCommandExecutor.execute(HttpCommandExecutor.java:164)
	at org.openqa.selenium.remote.service.DriverCommandExecutor.execute(DriverCommandExecutor.java:82)
	at org.openqa.selenium.remote.RemoteWebDriver.execute(RemoteWebDriver.java:646)
	at org.openqa.selenium.remote.RemoteWebDriver.findElement(RemoteWebDriver.java:416)
	at org.openqa.selenium.remote.RemoteWebDriver.findElementByXPath(RemoteWebDriver.java:518)
	at org.openqa.selenium.By$ByXPath.findElement(By.java:361)
	at org.openqa.selenium.remote.RemoteWebDriver.findElement(RemoteWebDriver.java:408)
	at org.openqa.selenium.support.events.EventFiringWebDriver$2.invoke(EventFiringWebDriver.java:105)
	at com.sun.proxy.$Proxy10.findElement(Unknown Source)
	at org.openqa.selenium.support.events.EventFiringWebDriver.findElement(EventFiringWebDriver.java:189)
	at org.openqa.selenium.support.pagefactory.DefaultElementLocator.findElement(DefaultElementLocator.java:69)
	at org.openqa.selenium.support.pagefactory.internal.LocatingElementHandler.invoke(LocatingElementHandler.java:38)
	at com.sun.proxy.$Proxy14.getText(Unknown Source)
	at com_milan_POM.CycleListPage.SaveMessage(CycleListPage.java:740)
	at com_Milan_Test.CycleListPageTest.SaveTheCycleTest(CycleListPageTest.java:355)
... Removed 32 stack frames</pre></div><a href='#' onClick='toggleBox("stack-trace317831020", this, "Click to show all stack frames", "Click to hide stack frames")'>Click to show all stack frames</a>
<div class='stack-trace' id='stack-trace317831020'><pre>org.openqa.selenium.NoSuchElementException: no such element: Unable to locate element: {&quot;method&quot;:&quot;xpath&quot;,&quot;selector&quot;:&quot;//span[@class=&apos;toast-msg ng-binding ng-scope&apos;]&quot;}
  (Session info: chrome=69.0.3497.81)
  (Driver info: chromedriver=2.41.578737 (49da6702b16031c40d63e5618de03a32ff6c197e),platform=Windows NT 6.3.9600 x86_64) (WARNING: The server did not provide any stacktrace information)
Command duration or timeout: 0 milliseconds
For documentation on this error, please visit: http://seleniumhq.org/exceptions/no_such_element.html
Build info: version: &apos;3.5.3&apos;, revision: &apos;a88d25fe6b&apos;, time: &apos;2017-08-29T12:42:44.417Z&apos;
System info: host: &apos;IVF111&apos;, ip: &apos;192.168.1.56&apos;, os.name: &apos;Windows 8.1&apos;, os.arch: &apos;amd64&apos;, os.version: &apos;6.3&apos;, java.version: &apos;1.8.0_161&apos;
Driver info: org.openqa.selenium.chrome.ChromeDriver
Capabilities [{mobileEmulationEnabled=false, hasTouchScreen=false, platform=WIN8_1, acceptSslCerts=false, goog:chromeOptions={debuggerAddress=localhost:62285}, acceptInsecureCerts=false, webStorageEnabled=true, browserName=chrome, takesScreenshot=true, javascriptEnabled=true, platformName=WIN8_1, setWindowRect=true, unexpectedAlertBehaviour=, applicationCacheEnabled=false, rotatable=false, networkConnectionEnabled=false, chrome={chromedriverVersion=2.41.578737 (49da6702b16031c40d63e5618de03a32ff6c197e), userDataDir=C:\Users\paragb\AppData\Local\Temp\scoped_dir19372_2683}, takesHeapSnapshot=true, unhandledPromptBehavior=, pageLoadStrategy=normal, databaseEnabled=false, handlesAlerts=true, version=69.0.3497.81, browserConnectionEnabled=false, nativeEvents=true, locationContextEnabled=true, cssSelectorsEnabled=true}]
Session ID: 26d601db505fe1133265b7430811ae2b
*** Element info: {Using=xpath, value=//span[@class=&apos;toast-msg ng-binding ng-scope&apos;]}
	at sun.reflect.NativeConstructorAccessorImpl.newInstance0(Native Method)
	at sun.reflect.NativeConstructorAccessorImpl.newInstance(NativeConstructorAccessorImpl.java:62)
	at sun.reflect.DelegatingConstructorAccessorImpl.newInstance(DelegatingConstructorAccessorImpl.java:45)
	at java.lang.reflect.Constructor.newInstance(Constructor.java:423)
	at org.openqa.selenium.remote.ErrorHandler.createThrowable(ErrorHandler.java:215)
	at org.openqa.selenium.remote.ErrorHandler.throwIfResponseFailed(ErrorHandler.java:167)
	at org.openqa.selenium.remote.http.JsonHttpResponseCodec.reconstructValue(JsonHttpResponseCodec.java:40)
	at org.openqa.selenium.remote.http.AbstractHttpResponseCodec.decode(AbstractHttpResponseCodec.java:82)
	at org.openqa.selenium.remote.http.AbstractHttpResponseCodec.decode(AbstractHttpResponseCodec.java:45)
	at org.openqa.selenium.remote.HttpCommandExecutor.execute(HttpCommandExecutor.java:164)
	at org.openqa.selenium.remote.service.DriverCommandExecutor.execute(DriverCommandExecutor.java:82)
	at org.openqa.selenium.remote.RemoteWebDriver.execute(RemoteWebDriver.java:646)
	at org.openqa.selenium.remote.RemoteWebDriver.findElement(RemoteWebDriver.java:416)
	at org.openqa.selenium.remote.RemoteWebDriver.findElementByXPath(RemoteWebDriver.java:518)
	at org.openqa.selenium.By$ByXPath.findElement(By.java:361)
	at org.openqa.selenium.remote.RemoteWebDriver.findElement(RemoteWebDriver.java:408)
	at sun.reflect.GeneratedMethodAccessor5.invoke(Unknown Source)
	at sun.reflect.DelegatingMethodAccessorImpl.invoke(DelegatingMethodAccessorImpl.java:43)
	at java.lang.reflect.Method.invoke(Method.java:498)
	at org.openqa.selenium.support.events.EventFiringWebDriver$2.invoke(EventFiringWebDriver.java:105)
	at com.sun.proxy.$Proxy10.findElement(Unknown Source)
	at org.openqa.selenium.support.events.EventFiringWebDriver.findElement(EventFiringWebDriver.java:189)
	at org.openqa.selenium.support.pagefactory.DefaultElementLocator.findElement(DefaultElementLocator.java:69)
	at org.openqa.selenium.support.pagefactory.internal.LocatingElementHandler.invoke(LocatingElementHandler.java:38)
	at com.sun.proxy.$Proxy14.getText(Unknown Source)
	at com_milan_POM.CycleListPage.SaveMessage(CycleListPage.java:740)
	at com_Milan_Test.CycleListPageTest.SaveTheCycleTest(CycleListPageTest.java:355)
	at sun.reflect.NativeMethodAccessorImpl.invoke0(Native Method)
	at sun.reflect.NativeMethodAccessorImpl.invoke(NativeMethodAccessorImpl.java:62)
	at sun.reflect.DelegatingMethodAccessorImpl.invoke(DelegatingMethodAccessorImpl.java:43)
	at java.lang.reflect.Method.invoke(Method.java:498)
	at org.testng.internal.MethodInvocationHelper.invokeMethod(MethodInvocationHelper.java:108)
	at org.testng.internal.Invoker.invokeMethod(Invoker.java:661)
	at org.testng.internal.Invoker.invokeTestMethod(Invoker.java:869)
	at org.testng.internal.Invoker.invokeTestMethods(Invoker.java:1193)
	at org.testng.internal.TestMethodWorker.invokeTestMethods(TestMethodWorker.java:126)
	at org.testng.internal.TestMethodWorker.run(TestMethodWorker.java:109)
	at org.testng.TestRunner.privateRun(TestRunner.java:744)
	at org.testng.TestRunner.run(TestRunner.java:602)
	at org.testng.SuiteRunner.runTest(SuiteRunner.java:380)
	at org.testng.SuiteRunner.runSequentially(SuiteRunner.java:375)
	at org.testng.SuiteRunner.privateRun(SuiteRunner.java:340)
	at org.testng.SuiteRunner.run(SuiteRunner.java:289)
	at org.testng.SuiteRunnerWorker.runSuite(SuiteRunnerWorker.java:52)
	at org.testng.SuiteRunnerWorker.run(SuiteRunnerWorker.java:86)
	at org.testng.TestNG.runSuitesSequentially(TestNG.java:1301)
	at org.testng.TestNG.runSuitesLocally(TestNG.java:1226)
	at org.testng.TestNG.runSuites(TestNG.java:1144)
	at org.testng.TestNG.run(TestNG.java:1115)
	at org.testng.remote.AbstractRemoteTestNG.run(AbstractRemoteTestNG.java:114)
	at org.testng.remote.RemoteTestNG.initAndRun(RemoteTestNG.java:251)
	at org.testng.remote.RemoteTestNG.main(RemoteTestNG.java:77)
</pre></div></td>
<td>35</td>
<td>com_Milan_Test.CycleListPageTest@16aa8654</td></tr>
<tr>
<td title='com_Milan_Test.CycleListPageTest.SaveTheCycleTest()'><b>SaveTheCycleTest</b><br>Test class: com_Milan_Test.CycleListPageTest</td>
<td><div><pre>org.openqa.selenium.NoSuchElementException: no such element: Unable to locate element: {&quot;method&quot;:&quot;xpath&quot;,&quot;selector&quot;:&quot;//span[@class=&apos;toast-msg ng-binding ng-scope&apos;]&quot;}
  (Session info: chrome=69.0.3497.81)
  (Driver info: chromedriver=2.41.578737 (49da6702b16031c40d63e5618de03a32ff6c197e),platform=Windows NT 6.3.9600 x86_64) (WARNING: The server did not provide any stacktrace information)
Command duration or timeout: 0 milliseconds
For documentation on this error, please visit: http://seleniumhq.org/exceptions/no_such_element.html
Build info: version: &apos;3.5.3&apos;, revision: &apos;a88d25fe6b&apos;, time: &apos;2017-08-29T12:42:44.417Z&apos;
System info: host: &apos;IVF111&apos;, ip: &apos;192.168.1.56&apos;, os.name: &apos;Windows 8.1&apos;, os.arch: &apos;amd64&apos;, os.version: &apos;6.3&apos;, java.version: &apos;1.8.0_161&apos;
Driver info: org.openqa.selenium.chrome.ChromeDriver
Capabilities [{mobileEmulationEnabled=false, hasTouchScreen=false, platform=WIN8_1, acceptSslCerts=false, goog:chromeOptions={debuggerAddress=localhost:62451}, acceptInsecureCerts=false, webStorageEnabled=true, browserName=chrome, takesScreenshot=true, javascriptEnabled=true, platformName=WIN8_1, setWindowRect=true, unexpectedAlertBehaviour=, applicationCacheEnabled=false, rotatable=false, networkConnectionEnabled=false, chrome={chromedriverVersion=2.41.578737 (49da6702b16031c40d63e5618de03a32ff6c197e), userDataDir=C:\Users\paragb\AppData\Local\Temp\scoped_dir16924_28004}, takesHeapSnapshot=true, unhandledPromptBehavior=, pageLoadStrategy=normal, databaseEnabled=false, handlesAlerts=true, version=69.0.3497.81, browserConnectionEnabled=false, nativeEvents=true, locationContextEnabled=true, cssSelectorsEnabled=true}]
Session ID: 4f27892f0d1b15ed66c5a7b77fdf3dd5
*** Element info: {Using=xpath, value=//span[@class=&apos;toast-msg ng-binding ng-scope&apos;]}
	at org.openqa.selenium.remote.ErrorHandler.createThrowable(ErrorHandler.java:215)
	at org.openqa.selenium.remote.ErrorHandler.throwIfResponseFailed(ErrorHandler.java:167)
	at org.openqa.selenium.remote.http.JsonHttpResponseCodec.reconstructValue(JsonHttpResponseCodec.java:40)
	at org.openqa.selenium.remote.http.AbstractHttpResponseCodec.decode(AbstractHttpResponseCodec.java:82)
	at org.openqa.selenium.remote.http.AbstractHttpResponseCodec.decode(AbstractHttpResponseCodec.java:45)
	at org.openqa.selenium.remote.HttpCommandExecutor.execute(HttpCommandExecutor.java:164)
	at org.openqa.selenium.remote.service.DriverCommandExecutor.execute(DriverCommandExecutor.java:82)
	at org.openqa.selenium.remote.RemoteWebDriver.execute(RemoteWebDriver.java:646)
	at org.openqa.selenium.remote.RemoteWebDriver.findElement(RemoteWebDriver.java:416)
	at org.openqa.selenium.remote.RemoteWebDriver.findElementByXPath(RemoteWebDriver.java:518)
	at org.openqa.selenium.By$ByXPath.findElement(By.java:361)
	at org.openqa.selenium.remote.RemoteWebDriver.findElement(RemoteWebDriver.java:408)
	at org.openqa.selenium.support.events.EventFiringWebDriver$2.invoke(EventFiringWebDriver.java:105)
	at com.sun.proxy.$Proxy10.findElement(Unknown Source)
	at org.openqa.selenium.support.events.EventFiringWebDriver.findElement(EventFiringWebDriver.java:189)
	at org.openqa.selenium.support.pagefactory.DefaultElementLocator.findElement(DefaultElementLocator.java:69)
	at org.openqa.selenium.support.pagefactory.internal.LocatingElementHandler.invoke(LocatingElementHandler.java:38)
	at com.sun.proxy.$Proxy14.getText(Unknown Source)
	at com_milan_POM.CycleListPage.SaveMessage(CycleListPage.java:740)
	at com_Milan_Test.CycleListPageTest.SaveTheCycleTest(CycleListPageTest.java:355)
... Removed 32 stack frames</pre></div><a href='#' onClick='toggleBox("stack-trace1907606183", this, "Click to show all stack frames", "Click to hide stack frames")'>Click to show all stack frames</a>
<div class='stack-trace' id='stack-trace1907606183'><pre>org.openqa.selenium.NoSuchElementException: no such element: Unable to locate element: {&quot;method&quot;:&quot;xpath&quot;,&quot;selector&quot;:&quot;//span[@class=&apos;toast-msg ng-binding ng-scope&apos;]&quot;}
  (Session info: chrome=69.0.3497.81)
  (Driver info: chromedriver=2.41.578737 (49da6702b16031c40d63e5618de03a32ff6c197e),platform=Windows NT 6.3.9600 x86_64) (WARNING: The server did not provide any stacktrace information)
Command duration or timeout: 0 milliseconds
For documentation on this error, please visit: http://seleniumhq.org/exceptions/no_such_element.html
Build info: version: &apos;3.5.3&apos;, revision: &apos;a88d25fe6b&apos;, time: &apos;2017-08-29T12:42:44.417Z&apos;
System info: host: &apos;IVF111&apos;, ip: &apos;192.168.1.56&apos;, os.name: &apos;Windows 8.1&apos;, os.arch: &apos;amd64&apos;, os.version: &apos;6.3&apos;, java.version: &apos;1.8.0_161&apos;
Driver info: org.openqa.selenium.chrome.ChromeDriver
Capabilities [{mobileEmulationEnabled=false, hasTouchScreen=false, platform=WIN8_1, acceptSslCerts=false, goog:chromeOptions={debuggerAddress=localhost:62451}, acceptInsecureCerts=false, webStorageEnabled=true, browserName=chrome, takesScreenshot=true, javascriptEnabled=true, platformName=WIN8_1, setWindowRect=true, unexpectedAlertBehaviour=, applicationCacheEnabled=false, rotatable=false, networkConnectionEnabled=false, chrome={chromedriverVersion=2.41.578737 (49da6702b16031c40d63e5618de03a32ff6c197e), userDataDir=C:\Users\paragb\AppData\Local\Temp\scoped_dir16924_28004}, takesHeapSnapshot=true, unhandledPromptBehavior=, pageLoadStrategy=normal, databaseEnabled=false, handlesAlerts=true, version=69.0.3497.81, browserConnectionEnabled=false, nativeEvents=true, locationContextEnabled=true, cssSelectorsEnabled=true}]
Session ID: 4f27892f0d1b15ed66c5a7b77fdf3dd5
*** Element info: {Using=xpath, value=//span[@class=&apos;toast-msg ng-binding ng-scope&apos;]}
	at sun.reflect.NativeConstructorAccessorImpl.newInstance0(Native Method)
	at sun.reflect.NativeConstructorAccessorImpl.newInstance(NativeConstructorAccessorImpl.java:62)
	at sun.reflect.DelegatingConstructorAccessorImpl.newInstance(DelegatingConstructorAccessorImpl.java:45)
	at java.lang.reflect.Constructor.newInstance(Constructor.java:423)
	at org.openqa.selenium.remote.ErrorHandler.createThrowable(ErrorHandler.java:215)
	at org.openqa.selenium.remote.ErrorHandler.throwIfResponseFailed(ErrorHandler.java:167)
	at org.openqa.selenium.remote.http.JsonHttpResponseCodec.reconstructValue(JsonHttpResponseCodec.java:40)
	at org.openqa.selenium.remote.http.AbstractHttpResponseCodec.decode(AbstractHttpResponseCodec.java:82)
	at org.openqa.selenium.remote.http.AbstractHttpResponseCodec.decode(AbstractHttpResponseCodec.java:45)
	at org.openqa.selenium.remote.HttpCommandExecutor.execute(HttpCommandExecutor.java:164)
	at org.openqa.selenium.remote.service.DriverCommandExecutor.execute(DriverCommandExecutor.java:82)
	at org.openqa.selenium.remote.RemoteWebDriver.execute(RemoteWebDriver.java:646)
	at org.openqa.selenium.remote.RemoteWebDriver.findElement(RemoteWebDriver.java:416)
	at org.openqa.selenium.remote.RemoteWebDriver.findElementByXPath(RemoteWebDriver.java:518)
	at org.openqa.selenium.By$ByXPath.findElement(By.java:361)
	at org.openqa.selenium.remote.RemoteWebDriver.findElement(RemoteWebDriver.java:408)
	at sun.reflect.GeneratedMethodAccessor5.invoke(Unknown Source)
	at sun.reflect.DelegatingMethodAccessorImpl.invoke(DelegatingMethodAccessorImpl.java:43)
	at java.lang.reflect.Method.invoke(Method.java:498)
	at org.openqa.selenium.support.events.EventFiringWebDriver$2.invoke(EventFiringWebDriver.java:105)
	at com.sun.proxy.$Proxy10.findElement(Unknown Source)
	at org.openqa.selenium.support.events.EventFiringWebDriver.findElement(EventFiringWebDriver.java:189)
	at org.openqa.selenium.support.pagefactory.DefaultElementLocator.findElement(DefaultElementLocator.java:69)
	at org.openqa.selenium.support.pagefactory.internal.LocatingElementHandler.invoke(LocatingElementHandler.java:38)
	at com.sun.proxy.$Proxy14.getText(Unknown Source)
	at com_milan_POM.CycleListPage.SaveMessage(CycleListPage.java:740)
	at com_Milan_Test.CycleListPageTest.SaveTheCycleTest(CycleListPageTest.java:355)
	at sun.reflect.NativeMethodAccessorImpl.invoke0(Native Method)
	at sun.reflect.NativeMethodAccessorImpl.invoke(NativeMethodAccessorImpl.java:62)
	at sun.reflect.DelegatingMethodAccessorImpl.invoke(DelegatingMethodAccessorImpl.java:43)
	at java.lang.reflect.Method.invoke(Method.java:498)
	at org.testng.internal.MethodInvocationHelper.invokeMethod(MethodInvocationHelper.java:108)
	at org.testng.internal.Invoker.invokeMethod(Invoker.java:661)
	at org.testng.internal.Invoker.retryFailed(Invoker.java:1014)
	at org.testng.internal.Invoker.invokeTestMethods(Invoker.java:1215)
	at org.testng.internal.TestMethodWorker.invokeTestMethods(TestMethodWorker.java:126)
	at org.testng.internal.TestMethodWorker.run(TestMethodWorker.java:109)
	at org.testng.TestRunner.privateRun(TestRunner.java:744)
	at org.testng.TestRunner.run(TestRunner.java:602)
	at org.testng.SuiteRunner.runTest(SuiteRunner.java:380)
	at org.testng.SuiteRunner.runSequentially(SuiteRunner.java:375)
	at org.testng.SuiteRunner.privateRun(SuiteRunner.java:340)
	at org.testng.SuiteRunner.run(SuiteRunner.java:289)
	at org.testng.SuiteRunnerWorker.runSuite(SuiteRunnerWorker.java:52)
	at org.testng.SuiteRunnerWorker.run(SuiteRunnerWorker.java:86)
	at org.testng.TestNG.runSuitesSequentially(TestNG.java:1301)
	at org.testng.TestNG.runSuitesLocally(TestNG.java:1226)
	at org.testng.TestNG.runSuites(TestNG.java:1144)
	at org.testng.TestNG.run(TestNG.java:1115)
	at org.testng.remote.AbstractRemoteTestNG.run(AbstractRemoteTestNG.java:114)
	at org.testng.remote.RemoteTestNG.initAndRun(RemoteTestNG.java:251)
	at org.testng.remote.RemoteTestNG.main(RemoteTestNG.java:77)
</pre></div></td>
<td>37</td>
<td>com_Milan_Test.CycleListPageTest@16aa8654</td></tr>
<tr>
<td title='com_Milan_Test.CycleListPageTest.SaveTheCycleTest()'><b>SaveTheCycleTest</b><br>Test class: com_Milan_Test.CycleListPageTest</td>
<td><div><pre>org.openqa.selenium.NoSuchElementException: no such element: Unable to locate element: {&quot;method&quot;:&quot;xpath&quot;,&quot;selector&quot;:&quot;//span[@class=&apos;toast-msg ng-binding ng-scope&apos;]&quot;}
  (Session info: chrome=69.0.3497.81)
  (Driver info: chromedriver=2.41.578737 (49da6702b16031c40d63e5618de03a32ff6c197e),platform=Windows NT 6.3.9600 x86_64) (WARNING: The server did not provide any stacktrace information)
Command duration or timeout: 0 milliseconds
For documentation on this error, please visit: http://seleniumhq.org/exceptions/no_such_element.html
Build info: version: &apos;3.5.3&apos;, revision: &apos;a88d25fe6b&apos;, time: &apos;2017-08-29T12:42:44.417Z&apos;
System info: host: &apos;IVF111&apos;, ip: &apos;192.168.1.56&apos;, os.name: &apos;Windows 8.1&apos;, os.arch: &apos;amd64&apos;, os.version: &apos;6.3&apos;, java.version: &apos;1.8.0_161&apos;
Driver info: org.openqa.selenium.chrome.ChromeDriver
Capabilities [{mobileEmulationEnabled=false, hasTouchScreen=false, platform=WIN8_1, acceptSslCerts=false, goog:chromeOptions={debuggerAddress=localhost:62620}, acceptInsecureCerts=false, webStorageEnabled=true, browserName=chrome, takesScreenshot=true, javascriptEnabled=true, platformName=WIN8_1, setWindowRect=true, unexpectedAlertBehaviour=, applicationCacheEnabled=false, rotatable=false, networkConnectionEnabled=false, chrome={chromedriverVersion=2.41.578737 (49da6702b16031c40d63e5618de03a32ff6c197e), userDataDir=C:\Users\paragb\AppData\Local\Temp\scoped_dir17936_21407}, takesHeapSnapshot=true, unhandledPromptBehavior=, pageLoadStrategy=normal, databaseEnabled=false, handlesAlerts=true, version=69.0.3497.81, browserConnectionEnabled=false, nativeEvents=true, locationContextEnabled=true, cssSelectorsEnabled=true}]
Session ID: af45220a2c68549c2de7654b7ba1c0d2
*** Element info: {Using=xpath, value=//span[@class=&apos;toast-msg ng-binding ng-scope&apos;]}
	at org.openqa.selenium.remote.ErrorHandler.createThrowable(ErrorHandler.java:215)
	at org.openqa.selenium.remote.ErrorHandler.throwIfResponseFailed(ErrorHandler.java:167)
	at org.openqa.selenium.remote.http.JsonHttpResponseCodec.reconstructValue(JsonHttpResponseCodec.java:40)
	at org.openqa.selenium.remote.http.AbstractHttpResponseCodec.decode(AbstractHttpResponseCodec.java:82)
	at org.openqa.selenium.remote.http.AbstractHttpResponseCodec.decode(AbstractHttpResponseCodec.java:45)
	at org.openqa.selenium.remote.HttpCommandExecutor.execute(HttpCommandExecutor.java:164)
	at org.openqa.selenium.remote.service.DriverCommandExecutor.execute(DriverCommandExecutor.java:82)
	at org.openqa.selenium.remote.RemoteWebDriver.execute(RemoteWebDriver.java:646)
	at org.openqa.selenium.remote.RemoteWebDriver.findElement(RemoteWebDriver.java:416)
	at org.openqa.selenium.remote.RemoteWebDriver.findElementByXPath(RemoteWebDriver.java:518)
	at org.openqa.selenium.By$ByXPath.findElement(By.java:361)
	at org.openqa.selenium.remote.RemoteWebDriver.findElement(RemoteWebDriver.java:408)
	at org.openqa.selenium.support.events.EventFiringWebDriver$2.invoke(EventFiringWebDriver.java:105)
	at com.sun.proxy.$Proxy10.findElement(Unknown Source)
	at org.openqa.selenium.support.events.EventFiringWebDriver.findElement(EventFiringWebDriver.java:189)
	at org.openqa.selenium.support.pagefactory.DefaultElementLocator.findElement(DefaultElementLocator.java:69)
	at org.openqa.selenium.support.pagefactory.internal.LocatingElementHandler.invoke(LocatingElementHandler.java:38)
	at com.sun.proxy.$Proxy14.getText(Unknown Source)
	at com_milan_POM.CycleListPage.SaveMessage(CycleListPage.java:740)
	at com_Milan_Test.CycleListPageTest.SaveTheCycleTest(CycleListPageTest.java:355)
... Removed 32 stack frames</pre></div><a href='#' onClick='toggleBox("stack-trace2041582710", this, "Click to show all stack frames", "Click to hide stack frames")'>Click to show all stack frames</a>
<div class='stack-trace' id='stack-trace2041582710'><pre>org.openqa.selenium.NoSuchElementException: no such element: Unable to locate element: {&quot;method&quot;:&quot;xpath&quot;,&quot;selector&quot;:&quot;//span[@class=&apos;toast-msg ng-binding ng-scope&apos;]&quot;}
  (Session info: chrome=69.0.3497.81)
  (Driver info: chromedriver=2.41.578737 (49da6702b16031c40d63e5618de03a32ff6c197e),platform=Windows NT 6.3.9600 x86_64) (WARNING: The server did not provide any stacktrace information)
Command duration or timeout: 0 milliseconds
For documentation on this error, please visit: http://seleniumhq.org/exceptions/no_such_element.html
Build info: version: &apos;3.5.3&apos;, revision: &apos;a88d25fe6b&apos;, time: &apos;2017-08-29T12:42:44.417Z&apos;
System info: host: &apos;IVF111&apos;, ip: &apos;192.168.1.56&apos;, os.name: &apos;Windows 8.1&apos;, os.arch: &apos;amd64&apos;, os.version: &apos;6.3&apos;, java.version: &apos;1.8.0_161&apos;
Driver info: org.openqa.selenium.chrome.ChromeDriver
Capabilities [{mobileEmulationEnabled=false, hasTouchScreen=false, platform=WIN8_1, acceptSslCerts=false, goog:chromeOptions={debuggerAddress=localhost:62620}, acceptInsecureCerts=false, webStorageEnabled=true, browserName=chrome, takesScreenshot=true, javascriptEnabled=true, platformName=WIN8_1, setWindowRect=true, unexpectedAlertBehaviour=, applicationCacheEnabled=false, rotatable=false, networkConnectionEnabled=false, chrome={chromedriverVersion=2.41.578737 (49da6702b16031c40d63e5618de03a32ff6c197e), userDataDir=C:\Users\paragb\AppData\Local\Temp\scoped_dir17936_21407}, takesHeapSnapshot=true, unhandledPromptBehavior=, pageLoadStrategy=normal, databaseEnabled=false, handlesAlerts=true, version=69.0.3497.81, browserConnectionEnabled=false, nativeEvents=true, locationContextEnabled=true, cssSelectorsEnabled=true}]
Session ID: af45220a2c68549c2de7654b7ba1c0d2
*** Element info: {Using=xpath, value=//span[@class=&apos;toast-msg ng-binding ng-scope&apos;]}
	at sun.reflect.NativeConstructorAccessorImpl.newInstance0(Native Method)
	at sun.reflect.NativeConstructorAccessorImpl.newInstance(NativeConstructorAccessorImpl.java:62)
	at sun.reflect.DelegatingConstructorAccessorImpl.newInstance(DelegatingConstructorAccessorImpl.java:45)
	at java.lang.reflect.Constructor.newInstance(Constructor.java:423)
	at org.openqa.selenium.remote.ErrorHandler.createThrowable(ErrorHandler.java:215)
	at org.openqa.selenium.remote.ErrorHandler.throwIfResponseFailed(ErrorHandler.java:167)
	at org.openqa.selenium.remote.http.JsonHttpResponseCodec.reconstructValue(JsonHttpResponseCodec.java:40)
	at org.openqa.selenium.remote.http.AbstractHttpResponseCodec.decode(AbstractHttpResponseCodec.java:82)
	at org.openqa.selenium.remote.http.AbstractHttpResponseCodec.decode(AbstractHttpResponseCodec.java:45)
	at org.openqa.selenium.remote.HttpCommandExecutor.execute(HttpCommandExecutor.java:164)
	at org.openqa.selenium.remote.service.DriverCommandExecutor.execute(DriverCommandExecutor.java:82)
	at org.openqa.selenium.remote.RemoteWebDriver.execute(RemoteWebDriver.java:646)
	at org.openqa.selenium.remote.RemoteWebDriver.findElement(RemoteWebDriver.java:416)
	at org.openqa.selenium.remote.RemoteWebDriver.findElementByXPath(RemoteWebDriver.java:518)
	at org.openqa.selenium.By$ByXPath.findElement(By.java:361)
	at org.openqa.selenium.remote.RemoteWebDriver.findElement(RemoteWebDriver.java:408)
	at sun.reflect.GeneratedMethodAccessor5.invoke(Unknown Source)
	at sun.reflect.DelegatingMethodAccessorImpl.invoke(DelegatingMethodAccessorImpl.java:43)
	at java.lang.reflect.Method.invoke(Method.java:498)
	at org.openqa.selenium.support.events.EventFiringWebDriver$2.invoke(EventFiringWebDriver.java:105)
	at com.sun.proxy.$Proxy10.findElement(Unknown Source)
	at org.openqa.selenium.support.events.EventFiringWebDriver.findElement(EventFiringWebDriver.java:189)
	at org.openqa.selenium.support.pagefactory.DefaultElementLocator.findElement(DefaultElementLocator.java:69)
	at org.openqa.selenium.support.pagefactory.internal.LocatingElementHandler.invoke(LocatingElementHandler.java:38)
	at com.sun.proxy.$Proxy14.getText(Unknown Source)
	at com_milan_POM.CycleListPage.SaveMessage(CycleListPage.java:740)
	at com_Milan_Test.CycleListPageTest.SaveTheCycleTest(CycleListPageTest.java:355)
	at sun.reflect.NativeMethodAccessorImpl.invoke0(Native Method)
	at sun.reflect.NativeMethodAccessorImpl.invoke(NativeMethodAccessorImpl.java:62)
	at sun.reflect.DelegatingMethodAccessorImpl.invoke(DelegatingMethodAccessorImpl.java:43)
	at java.lang.reflect.Method.invoke(Method.java:498)
	at org.testng.internal.MethodInvocationHelper.invokeMethod(MethodInvocationHelper.java:108)
	at org.testng.internal.Invoker.invokeMethod(Invoker.java:661)
	at org.testng.internal.Invoker.retryFailed(Invoker.java:1014)
	at org.testng.internal.Invoker.invokeTestMethods(Invoker.java:1215)
	at org.testng.internal.TestMethodWorker.invokeTestMethods(TestMethodWorker.java:126)
	at org.testng.internal.TestMethodWorker.run(TestMethodWorker.java:109)
	at org.testng.TestRunner.privateRun(TestRunner.java:744)
	at org.testng.TestRunner.run(TestRunner.java:602)
	at org.testng.SuiteRunner.runTest(SuiteRunner.java:380)
	at org.testng.SuiteRunner.runSequentially(SuiteRunner.java:375)
	at org.testng.SuiteRunner.privateRun(SuiteRunner.java:340)
	at org.testng.SuiteRunner.run(SuiteRunner.java:289)
	at org.testng.SuiteRunnerWorker.runSuite(SuiteRunnerWorker.java:52)
	at org.testng.SuiteRunnerWorker.run(SuiteRunnerWorker.java:86)
	at org.testng.TestNG.runSuitesSequentially(TestNG.java:1301)
	at org.testng.TestNG.runSuitesLocally(TestNG.java:1226)
	at org.testng.TestNG.runSuites(TestNG.java:1144)
	at org.testng.TestNG.run(TestNG.java:1115)
	at org.testng.remote.AbstractRemoteTestNG.run(AbstractRemoteTestNG.java:114)
	at org.testng.remote.RemoteTestNG.initAndRun(RemoteTestNG.java:251)
	at org.testng.remote.RemoteTestNG.main(RemoteTestNG.java:77)
</pre></div></td>
<td>35</td>
<td>com_Milan_Test.CycleListPageTest@16aa8654</td></tr>
<tr>
<td title='com_Milan_Test.CycleListPageTest.SourceofspermPartnerTest()'><b>SourceofspermPartnerTest</b><br>Test class: com_Milan_Test.CycleListPageTest</td>
<td><div><pre>java.lang.AssertionError: expected [Partner] but found [Select]
	at com_Milan_Test.CycleListPageTest.SourceofspermPartnerTest(CycleListPageTest.java:249)
... Removed 31 stack frames</pre></div><a href='#' onClick='toggleBox("stack-trace1839544073", this, "Click to show all stack frames", "Click to hide stack frames")'>Click to show all stack frames</a>
<div class='stack-trace' id='stack-trace1839544073'><pre>java.lang.AssertionError: expected [Partner] but found [Select]
	at org.testng.Assert.fail(Assert.java:93)
	at org.testng.Assert.failNotEquals(Assert.java:512)
	at org.testng.Assert.assertEqualsImpl(Assert.java:134)
	at org.testng.Assert.assertEquals(Assert.java:115)
	at org.testng.Assert.assertEquals(Assert.java:189)
	at org.testng.Assert.assertEquals(Assert.java:199)
	at com_Milan_Test.CycleListPageTest.SourceofspermPartnerTest(CycleListPageTest.java:249)
	at sun.reflect.NativeMethodAccessorImpl.invoke0(Native Method)
	at sun.reflect.NativeMethodAccessorImpl.invoke(NativeMethodAccessorImpl.java:62)
	at sun.reflect.DelegatingMethodAccessorImpl.invoke(DelegatingMethodAccessorImpl.java:43)
	at java.lang.reflect.Method.invoke(Method.java:498)
	at org.testng.internal.MethodInvocationHelper.invokeMethod(MethodInvocationHelper.java:108)
	at org.testng.internal.Invoker.invokeMethod(Invoker.java:661)
	at org.testng.internal.Invoker.invokeTestMethod(Invoker.java:869)
	at org.testng.internal.Invoker.invokeTestMethods(Invoker.java:1193)
	at org.testng.internal.TestMethodWorker.invokeTestMethods(TestMethodWorker.java:126)
	at org.testng.internal.TestMethodWorker.run(TestMethodWorker.java:109)
	at org.testng.TestRunner.privateRun(TestRunner.java:744)
	at org.testng.TestRunner.run(TestRunner.java:602)
	at org.testng.SuiteRunner.runTest(SuiteRunner.java:380)
	at org.testng.SuiteRunner.runSequentially(SuiteRunner.java:375)
	at org.testng.SuiteRunner.privateRun(SuiteRunner.java:340)
	at org.testng.SuiteRunner.run(SuiteRunner.java:289)
	at org.testng.SuiteRunnerWorker.runSuite(SuiteRunnerWorker.java:52)
	at org.testng.SuiteRunnerWorker.run(SuiteRunnerWorker.java:86)
	at org.testng.TestNG.runSuitesSequentially(TestNG.java:1301)
	at org.testng.TestNG.runSuitesLocally(TestNG.java:1226)
	at org.testng.TestNG.runSuites(TestNG.java:1144)
	at org.testng.TestNG.run(TestNG.java:1115)
	at org.testng.remote.AbstractRemoteTestNG.run(AbstractRemoteTestNG.java:114)
	at org.testng.remote.RemoteTestNG.initAndRun(RemoteTestNG.java:251)
	at org.testng.remote.RemoteTestNG.main(RemoteTestNG.java:77)
</pre></div></td>
<td>5</td>
<td>com_Milan_Test.CycleListPageTest@16aa8654</td></tr>
<tr>
<td title='com_Milan_Test.CycleListPageTest.SourceofspermPartnerTest()'><b>SourceofspermPartnerTest</b><br>Test class: com_Milan_Test.CycleListPageTest</td>
<td><div><pre>java.lang.AssertionError: expected [Partner] but found [Select]
	at com_Milan_Test.CycleListPageTest.SourceofspermPartnerTest(CycleListPageTest.java:249)
... Removed 31 stack frames</pre></div><a href='#' onClick='toggleBox("stack-trace53245077", this, "Click to show all stack frames", "Click to hide stack frames")'>Click to show all stack frames</a>
<div class='stack-trace' id='stack-trace53245077'><pre>java.lang.AssertionError: expected [Partner] but found [Select]
	at org.testng.Assert.fail(Assert.java:93)
	at org.testng.Assert.failNotEquals(Assert.java:512)
	at org.testng.Assert.assertEqualsImpl(Assert.java:134)
	at org.testng.Assert.assertEquals(Assert.java:115)
	at org.testng.Assert.assertEquals(Assert.java:189)
	at org.testng.Assert.assertEquals(Assert.java:199)
	at com_Milan_Test.CycleListPageTest.SourceofspermPartnerTest(CycleListPageTest.java:249)
	at sun.reflect.NativeMethodAccessorImpl.invoke0(Native Method)
	at sun.reflect.NativeMethodAccessorImpl.invoke(NativeMethodAccessorImpl.java:62)
	at sun.reflect.DelegatingMethodAccessorImpl.invoke(DelegatingMethodAccessorImpl.java:43)
	at java.lang.reflect.Method.invoke(Method.java:498)
	at org.testng.internal.MethodInvocationHelper.invokeMethod(MethodInvocationHelper.java:108)
	at org.testng.internal.Invoker.invokeMethod(Invoker.java:661)
	at org.testng.internal.Invoker.retryFailed(Invoker.java:1014)
	at org.testng.internal.Invoker.invokeTestMethods(Invoker.java:1215)
	at org.testng.internal.TestMethodWorker.invokeTestMethods(TestMethodWorker.java:126)
	at org.testng.internal.TestMethodWorker.run(TestMethodWorker.java:109)
	at org.testng.TestRunner.privateRun(TestRunner.java:744)
	at org.testng.TestRunner.run(TestRunner.java:602)
	at org.testng.SuiteRunner.runTest(SuiteRunner.java:380)
	at org.testng.SuiteRunner.runSequentially(SuiteRunner.java:375)
	at org.testng.SuiteRunner.privateRun(SuiteRunner.java:340)
	at org.testng.SuiteRunner.run(SuiteRunner.java:289)
	at org.testng.SuiteRunnerWorker.runSuite(SuiteRunnerWorker.java:52)
	at org.testng.SuiteRunnerWorker.run(SuiteRunnerWorker.java:86)
	at org.testng.TestNG.runSuitesSequentially(TestNG.java:1301)
	at org.testng.TestNG.runSuitesLocally(TestNG.java:1226)
	at org.testng.TestNG.runSuites(TestNG.java:1144)
	at org.testng.TestNG.run(TestNG.java:1115)
	at org.testng.remote.AbstractRemoteTestNG.run(AbstractRemoteTestNG.java:114)
	at org.testng.remote.RemoteTestNG.initAndRun(RemoteTestNG.java:251)
	at org.testng.remote.RemoteTestNG.main(RemoteTestNG.java:77)
</pre></div></td>
<td>7</td>
<td>com_Milan_Test.CycleListPageTest@16aa8654</td></tr>
<tr>
<td title='com_Milan_Test.CycleListPageTest.SourceofspermPartnerTest()'><b>SourceofspermPartnerTest</b><br>Test class: com_Milan_Test.CycleListPageTest</td>
<td><div><pre>java.lang.AssertionError: expected [Partner] but found [Select]
	at com_Milan_Test.CycleListPageTest.SourceofspermPartnerTest(CycleListPageTest.java:249)
... Removed 31 stack frames</pre></div><a href='#' onClick='toggleBox("stack-trace56868765", this, "Click to show all stack frames", "Click to hide stack frames")'>Click to show all stack frames</a>
<div class='stack-trace' id='stack-trace56868765'><pre>java.lang.AssertionError: expected [Partner] but found [Select]
	at org.testng.Assert.fail(Assert.java:93)
	at org.testng.Assert.failNotEquals(Assert.java:512)
	at org.testng.Assert.assertEqualsImpl(Assert.java:134)
	at org.testng.Assert.assertEquals(Assert.java:115)
	at org.testng.Assert.assertEquals(Assert.java:189)
	at org.testng.Assert.assertEquals(Assert.java:199)
	at com_Milan_Test.CycleListPageTest.SourceofspermPartnerTest(CycleListPageTest.java:249)
	at sun.reflect.NativeMethodAccessorImpl.invoke0(Native Method)
	at sun.reflect.NativeMethodAccessorImpl.invoke(NativeMethodAccessorImpl.java:62)
	at sun.reflect.DelegatingMethodAccessorImpl.invoke(DelegatingMethodAccessorImpl.java:43)
	at java.lang.reflect.Method.invoke(Method.java:498)
	at org.testng.internal.MethodInvocationHelper.invokeMethod(MethodInvocationHelper.java:108)
	at org.testng.internal.Invoker.invokeMethod(Invoker.java:661)
	at org.testng.internal.Invoker.retryFailed(Invoker.java:1014)
	at org.testng.internal.Invoker.invokeTestMethods(Invoker.java:1215)
	at org.testng.internal.TestMethodWorker.invokeTestMethods(TestMethodWorker.java:126)
	at org.testng.internal.TestMethodWorker.run(TestMethodWorker.java:109)
	at org.testng.TestRunner.privateRun(TestRunner.java:744)
	at org.testng.TestRunner.run(TestRunner.java:602)
	at org.testng.SuiteRunner.runTest(SuiteRunner.java:380)
	at org.testng.SuiteRunner.runSequentially(SuiteRunner.java:375)
	at org.testng.SuiteRunner.privateRun(SuiteRunner.java:340)
	at org.testng.SuiteRunner.run(SuiteRunner.java:289)
	at org.testng.SuiteRunnerWorker.runSuite(SuiteRunnerWorker.java:52)
	at org.testng.SuiteRunnerWorker.run(SuiteRunnerWorker.java:86)
	at org.testng.TestNG.runSuitesSequentially(TestNG.java:1301)
	at org.testng.TestNG.runSuitesLocally(TestNG.java:1226)
	at org.testng.TestNG.runSuites(TestNG.java:1144)
	at org.testng.TestNG.run(TestNG.java:1115)
	at org.testng.remote.AbstractRemoteTestNG.run(AbstractRemoteTestNG.java:114)
	at org.testng.remote.RemoteTestNG.initAndRun(RemoteTestNG.java:251)
	at org.testng.remote.RemoteTestNG.main(RemoteTestNG.java:77)
</pre></div></td>
<td>6</td>
<td>com_Milan_Test.CycleListPageTest@16aa8654</td></tr>
</table><p>
</body>
</html>